{"/Users/zhouying/Desktop/tx/vue3-json-schema-form/lib/SchemaForm.tsx": {"path":"/Users/zhouying/Desktop/tx/vue3-json-schema-form/lib/SchemaForm.tsx","statementMap":{"0":{"start":{"line":3,"column":0},"end":{"line":3,"column":null}},"1":{"start":{"line":4,"column":0},"end":{"line":4,"column":null}},"2":{"start":{"line":6,"column":15},"end":{"line":6,"column":31}},"3":{"start":{"line":23,"column":26},"end":{"line":25,"column":null}},"4":{"start":{"line":24,"column":6},"end":{"line":24,"column":11}},"5":{"start":{"line":32,"column":25},"end":{"line":32,"column":null}},"6":{"start":{"line":37,"column":4},"end":{"line":37,"column":12}},"7":{"start":{"line":39,"column":4},"end":{"line":39,"column":11}},"8":{"start":{"line":40,"column":32},"end":{"line":40,"column":null}},"9":{"start":{"line":41,"column":6},"end":{"line":41,"column":null}}},"fnMap":{"0":{"name":"(anonymous_0)","decl":{"start":{"line":21,"column":2},"end":{"line":21,"column":7}},"loc":{"start":{"line":21,"column":37},"end":{"line":50,"column":null}}},"1":{"name":"(anonymous_1)","decl":{"start":{"line":23,"column":26},"end":{"line":23,"column":36}},"loc":{"start":{"line":23,"column":36},"end":{"line":25,"column":null}}},"2":{"name":"(anonymous_2)","decl":{"start":{"line":39,"column":11},"end":{"line":39,"column":16}},"loc":{"start":{"line":39,"column":16},"end":{"line":49,"column":null}}}},"branchMap":{},"s":{"0":1,"1":1,"2":1,"3":1,"4":1,"5":1,"6":1,"7":1,"8":1,"9":1},"f":{"0":1,"1":1,"2":1},"b":{}}
,"/Users/zhouying/Desktop/tx/vue3-json-schema-form/lib/SchemaItem.tsx": {"path":"/Users/zhouying/Desktop/tx/vue3-json-schema-form/lib/SchemaItem.tsx","statementMap":{"0":{"start":{"line":2,"column":0},"end":{"line":2,"column":null}},"1":{"start":{"line":3,"column":0},"end":{"line":3,"column":null}},"2":{"start":{"line":4,"column":0},"end":{"line":4,"column":null}},"3":{"start":{"line":5,"column":0},"end":{"line":5,"column":null}},"4":{"start":{"line":8,"column":0},"end":{"line":8,"column":null}},"5":{"start":{"line":9,"column":0},"end":{"line":9,"column":null}},"6":{"start":{"line":12,"column":15},"end":{"line":12,"column":31}},"7":{"start":{"line":18,"column":31},"end":{"line":18,"column":40}},"8":{"start":{"line":19,"column":44},"end":{"line":19,"column":null}},"9":{"start":{"line":20,"column":6},"end":{"line":20,"column":13}},"10":{"start":{"line":22,"column":4},"end":{"line":22,"column":11}},"11":{"start":{"line":24,"column":25},"end":{"line":24,"column":null}},"12":{"start":{"line":27,"column":30},"end":{"line":27,"column":null}},"13":{"start":{"line":30,"column":19},"end":{"line":30,"column":null}},"14":{"start":{"line":33,"column":6},"end":{"line":33,"column":14}},"15":{"start":{"line":35,"column":10},"end":{"line":35,"column":19}},"16":{"start":{"line":36,"column":10},"end":{"line":36,"column":null}},"17":{"start":{"line":39,"column":10},"end":{"line":39,"column":19}},"18":{"start":{"line":40,"column":10},"end":{"line":40,"column":null}},"19":{"start":{"line":43,"column":10},"end":{"line":43,"column":19}},"20":{"start":{"line":44,"column":10},"end":{"line":44,"column":null}},"21":{"start":{"line":47,"column":10},"end":{"line":47,"column":19}},"22":{"start":{"line":48,"column":10},"end":{"line":48,"column":null}},"23":{"start":{"line":51,"column":10},"end":{"line":51,"column":17}},"24":{"start":{"line":55,"column":6},"end":{"line":55,"column":28}}},"fnMap":{"0":{"name":"(anonymous_0)","decl":{"start":{"line":16,"column":2},"end":{"line":16,"column":7}},"loc":{"start":{"line":16,"column":13},"end":{"line":57,"column":null}}},"1":{"name":"(anonymous_1)","decl":{"start":{"line":18,"column":40},"end":{"line":18,"column":45}},"loc":{"start":{"line":18,"column":45},"end":{"line":21,"column":null}}},"2":{"name":"(anonymous_2)","decl":{"start":{"line":22,"column":11},"end":{"line":22,"column":16}},"loc":{"start":{"line":22,"column":16},"end":{"line":56,"column":null}}}},"branchMap":{"0":{"loc":{"start":{"line":34,"column":8},"end":{"line":37,"column":null}},"type":"switch","locations":[{"start":{"line":34,"column":8},"end":{"line":37,"column":null}},{"start":{"line":38,"column":8},"end":{"line":41,"column":null}},{"start":{"line":42,"column":8},"end":{"line":45,"column":null}},{"start":{"line":46,"column":8},"end":{"line":49,"column":null}},{"start":{"line":50,"column":8},"end":{"line":52,"column":null}}]}},"s":{"0":1,"1":1,"2":1,"3":1,"4":1,"5":1,"6":1,"7":1,"8":1,"9":1,"10":1,"11":1,"12":1,"13":1,"14":1,"15":0,"16":0,"17":1,"18":1,"19":0,"20":0,"21":0,"22":0,"23":0,"24":1},"f":{"0":1,"1":1,"2":1},"b":{"0":[0,1,0,0,0]}}
,"/Users/zhouying/Desktop/tx/vue3-json-schema-form/lib/context.ts": {"path":"/Users/zhouying/Desktop/tx/vue3-json-schema-form/lib/context.ts","statementMap":{"0":{"start":{"line":1,"column":0},"end":{"line":1,"column":null}},"1":{"start":{"line":4,"column":36},"end":{"line":4,"column":null}},"2":{"start":{"line":7,"column":63},"end":{"line":7,"column":null}},"3":{"start":{"line":10,"column":2},"end":{"line":10,"column":22}},"4":{"start":{"line":10,"column":16},"end":{"line":10,"column":22}},"5":{"start":{"line":11,"column":2},"end":{"line":11,"column":9}}},"fnMap":{"0":{"name":"useVJSContext","decl":{"start":{"line":6,"column":16},"end":{"line":6,"column":29}},"loc":{"start":{"line":6,"column":29},"end":{"line":12,"column":null}}}},"branchMap":{"0":{"loc":{"start":{"line":10,"column":2},"end":{"line":10,"column":22}},"type":"if","locations":[{"start":{"line":10,"column":2},"end":{"line":10,"column":22}},{"start":{"line":10,"column":2},"end":{"line":10,"column":22}}]}},"s":{"0":1,"1":1,"2":0,"3":0,"4":0,"5":0},"f":{"0":0},"b":{"0":[0,0]}}
,"/Users/zhouying/Desktop/tx/vue3-json-schema-form/lib/index.ts": {"path":"/Users/zhouying/Desktop/tx/vue3-json-schema-form/lib/index.ts","statementMap":{"0":{"start":{"line":1,"column":0},"end":{"line":1,"column":null}},"1":{"start":{"line":2,"column":0},"end":{"line":2,"column":null}},"2":{"start":{"line":5,"column":15},"end":{"line":5,"column":null}}},"fnMap":{},"branchMap":{},"s":{"0":1,"1":1,"2":1},"f":{},"b":{}}
,"/Users/zhouying/Desktop/tx/vue3-json-schema-form/lib/types.ts": {"path":"/Users/zhouying/Desktop/tx/vue3-json-schema-form/lib/types.ts","statementMap":{"0":{"start":{"line":3,"column":0},"end":{"line":3,"column":12}},"1":{"start":{"line":4,"column":2},"end":{"line":4,"column":null}},"2":{"start":{"line":5,"column":2},"end":{"line":5,"column":null}},"3":{"start":{"line":6,"column":2},"end":{"line":6,"column":null}},"4":{"start":{"line":7,"column":2},"end":{"line":7,"column":null}},"5":{"start":{"line":8,"column":2},"end":{"line":8,"column":null}},"6":{"start":{"line":9,"column":2},"end":{"line":9,"column":null}},"7":{"start":{"line":52,"column":32},"end":{"line":52,"column":null}}},"fnMap":{"0":{"name":"(anonymous_0)","decl":{"start":{"line":3,"column":0},"end":{"line":3,"column":12}},"loc":{"start":{"line":3,"column":23},"end":{"line":10,"column":null}}}},"branchMap":{"0":{"loc":{"start":{"line":3,"column":12},"end":{"line":3,"column":23}},"type":"binary-expr","locations":[{"start":{"line":3,"column":12},"end":{"line":3,"column":23}},{"start":{"line":3,"column":23},"end":{"line":3,"column":null}}]}},"s":{"0":1,"1":1,"2":1,"3":1,"4":1,"5":1,"6":1,"7":1},"f":{"0":1},"b":{"0":[1,1]}}
,"/Users/zhouying/Desktop/tx/vue3-json-schema-form/lib/utils.ts": {"path":"/Users/zhouying/Desktop/tx/vue3-json-schema-form/lib/utils.ts","statementMap":{"0":{"start":{"line":2,"column":0},"end":{"line":2,"column":null}},"1":{"start":{"line":6,"column":0},"end":{"line":6,"column":null}},"2":{"start":{"line":7,"column":0},"end":{"line":7,"column":null}},"3":{"start":{"line":8,"column":0},"end":{"line":8,"column":null}},"4":{"start":{"line":11,"column":2},"end":{"line":11,"column":9}},"5":{"start":{"line":15,"column":2},"end":{"line":15,"column":9}},"6":{"start":{"line":23,"column":2},"end":{"line":23,"column":9}},"7":{"start":{"line":30,"column":24},"end":{"line":30,"column":28}},"8":{"start":{"line":32,"column":16},"end":{"line":32,"column":31}},"9":{"start":{"line":33,"column":2},"end":{"line":33,"column":9}},"10":{"start":{"line":42,"column":2},"end":{"line":57,"column":null}},"11":{"start":{"line":43,"column":4},"end":{"line":43,"column":11}},"12":{"start":{"line":44,"column":9},"end":{"line":57,"column":null}},"13":{"start":{"line":45,"column":27},"end":{"line":45,"column":47}},"14":{"start":{"line":46,"column":4},"end":{"line":46,"column":11}},"15":{"start":{"line":47,"column":9},"end":{"line":57,"column":null}},"16":{"start":{"line":48,"column":4},"end":{"line":48,"column":11}},"17":{"start":{"line":51,"column":8},"end":{"line":51,"column":23}},"18":{"start":{"line":56,"column":4},"end":{"line":56,"column":11}},"19":{"start":{"line":66,"column":2},"end":{"line":68,"column":null}},"20":{"start":{"line":67,"column":4},"end":{"line":67,"column":11}},"21":{"start":{"line":69,"column":23},"end":{"line":69,"column":37}},"22":{"start":{"line":72,"column":2},"end":{"line":84,"column":null}},"23":{"start":{"line":73,"column":4},"end":{"line":83,"column":null}},"24":{"start":{"line":74,"column":6},"end":{"line":74,"column":20}},"25":{"start":{"line":80,"column":6},"end":{"line":80,"column":13}},"26":{"start":{"line":81,"column":55},"end":{"line":81,"column":null}},"27":{"start":{"line":82,"column":6},"end":{"line":82,"column":13}},"28":{"start":{"line":86,"column":4},"end":{"line":87,"column":null}},"29":{"start":{"line":88,"column":2},"end":{"line":95,"column":null}},"30":{"start":{"line":90,"column":4},"end":{"line":90,"column":11}},"31":{"start":{"line":96,"column":2},"end":{"line":96,"column":9}},"32":{"start":{"line":99,"column":40},"end":{"line":99,"column":null}},"33":{"start":{"line":107,"column":2},"end":{"line":107,"column":8}},"34":{"start":{"line":112,"column":2},"end":{"line":112,"column":8}},"35":{"start":{"line":113,"column":4},"end":{"line":116,"column":null}},"36":{"start":{"line":115,"column":6},"end":{"line":115,"column":null}},"37":{"start":{"line":119,"column":4},"end":{"line":129,"column":null}},"38":{"start":{"line":120,"column":6},"end":{"line":120,"column":26}},"39":{"start":{"line":125,"column":11},"end":{"line":129,"column":null}},"40":{"start":{"line":126,"column":6},"end":{"line":126,"column":26}},"41":{"start":{"line":128,"column":6},"end":{"line":128,"column":26}},"42":{"start":{"line":132,"column":5},"end":{"line":132,"column":19}},"43":{"start":{"line":134,"column":5},"end":{"line":134,"column":19}},"44":{"start":{"line":137,"column":2},"end":{"line":137,"column":9}},"45":{"start":{"line":155,"column":21},"end":{"line":155,"column":42}},"46":{"start":{"line":157,"column":35},"end":{"line":157,"column":null}},"47":{"start":{"line":159,"column":2},"end":{"line":159,"column":9}},"48":{"start":{"line":167,"column":18},"end":{"line":167,"column":null}},"49":{"start":{"line":168,"column":2},"end":{"line":173,"column":null}},"50":{"start":{"line":170,"column":4},"end":{"line":170,"column":8}},"51":{"start":{"line":172,"column":4},"end":{"line":172,"column":10}},"52":{"start":{"line":174,"column":18},"end":{"line":174,"column":30}},"53":{"start":{"line":175,"column":2},"end":{"line":177,"column":null}},"54":{"start":{"line":176,"column":4},"end":{"line":176,"column":10}},"55":{"start":{"line":178,"column":2},"end":{"line":181,"column":null}},"56":{"start":{"line":180,"column":4},"end":{"line":180,"column":11}},"57":{"start":{"line":182,"column":2},"end":{"line":182,"column":9}},"58":{"start":{"line":191,"column":49},"end":{"line":191,"column":57}},"59":{"start":{"line":192,"column":2},"end":{"line":202,"column":null}},"60":{"start":{"line":193,"column":4},"end":{"line":193,"column":18}},"61":{"start":{"line":197,"column":9},"end":{"line":202,"column":null}},"62":{"start":{"line":198,"column":4},"end":{"line":198,"column":18}},"63":{"start":{"line":203,"column":2},"end":{"line":203,"column":9}},"64":{"start":{"line":217,"column":2},"end":{"line":250,"column":null}},"65":{"start":{"line":219,"column":4},"end":{"line":221,"column":null}},"66":{"start":{"line":220,"column":6},"end":{"line":220,"column":null}},"67":{"start":{"line":223,"column":4},"end":{"line":228,"column":null}},"68":{"start":{"line":227,"column":6},"end":{"line":227,"column":null}},"69":{"start":{"line":232,"column":8},"end":{"line":232,"column":null}},"70":{"start":{"line":233,"column":4},"end":{"line":243,"column":null}},"71":{"start":{"line":234,"column":6},"end":{"line":234,"column":20}},"72":{"start":{"line":235,"column":11},"end":{"line":243,"column":null}},"73":{"start":{"line":236,"column":6},"end":{"line":236,"column":20}},"74":{"start":{"line":244,"column":4},"end":{"line":244,"column":11}},"75":{"start":{"line":251,"column":2},"end":{"line":251,"column":9}},"76":{"start":{"line":255,"column":2},"end":{"line":257,"column":null}},"77":{"start":{"line":256,"column":4},"end":{"line":256,"column":11}},"78":{"start":{"line":258,"column":19},"end":{"line":260,"column":null}},"79":{"start":{"line":261,"column":2},"end":{"line":261,"column":9}},"80":{"start":{"line":272,"column":40},"end":{"line":272,"column":null}},"81":{"start":{"line":277,"column":2},"end":{"line":277,"column":8}},"82":{"start":{"line":279,"column":2},"end":{"line":283,"column":null}},"83":{"start":{"line":280,"column":4},"end":{"line":280,"column":11}},"84":{"start":{"line":281,"column":9},"end":{"line":283,"column":null}},"85":{"start":{"line":282,"column":4},"end":{"line":282,"column":10}},"86":{"start":{"line":285,"column":24},"end":{"line":285,"column":29}},"87":{"start":{"line":286,"column":4},"end":{"line":288,"column":null}},"88":{"start":{"line":290,"column":2},"end":{"line":290,"column":9}},"89":{"start":{"line":306,"column":26},"end":{"line":306,"column":31}},"90":{"start":{"line":307,"column":4},"end":{"line":309,"column":null}},"91":{"start":{"line":308,"column":6},"end":{"line":308,"column":13}},"92":{"start":{"line":310,"column":57},"end":{"line":310,"column":null}},"93":{"start":{"line":311,"column":4},"end":{"line":321,"column":null}},"94":{"start":{"line":312,"column":30},"end":{"line":312,"column":null}},"95":{"start":{"line":319,"column":25},"end":{"line":319,"column":38}},"96":{"start":{"line":320,"column":6},"end":{"line":320,"column":13}},"97":{"start":{"line":323,"column":2},"end":{"line":328,"column":null}},"98":{"start":{"line":324,"column":4},"end":{"line":324,"column":11}},"99":{"start":{"line":327,"column":4},"end":{"line":327,"column":11}},"100":{"start":{"line":330,"column":20},"end":{"line":330,"column":36}},"101":{"start":{"line":334,"column":6},"end":{"line":334,"column":null}},"102":{"start":{"line":335,"column":26},"end":{"line":335,"column":28}},"103":{"start":{"line":336,"column":2},"end":{"line":336,"column":9}},"104":{"start":{"line":349,"column":14},"end":{"line":349,"column":20}},"105":{"start":{"line":350,"column":2},"end":{"line":350,"column":9}},"106":{"start":{"line":351,"column":17},"end":{"line":351,"column":null}},"107":{"start":{"line":352,"column":14},"end":{"line":352,"column":19}},"108":{"start":{"line":353,"column":4},"end":{"line":368,"column":null}},"109":{"start":{"line":354,"column":6},"end":{"line":354,"column":9}},"110":{"start":{"line":355,"column":11},"end":{"line":368,"column":null}},"111":{"start":{"line":365,"column":6},"end":{"line":365,"column":9}},"112":{"start":{"line":367,"column":6},"end":{"line":367,"column":9}},"113":{"start":{"line":369,"column":4},"end":{"line":369,"column":11}},"114":{"start":{"line":383,"column":19},"end":{"line":383,"column":null}},"115":{"start":{"line":385,"column":2},"end":{"line":387,"column":null}},"116":{"start":{"line":386,"column":4},"end":{"line":386,"column":11}},"117":{"start":{"line":389,"column":2},"end":{"line":391,"column":null}},"118":{"start":{"line":390,"column":4},"end":{"line":390,"column":11}},"119":{"start":{"line":393,"column":2},"end":{"line":395,"column":null}},"120":{"start":{"line":394,"column":4},"end":{"line":394,"column":11}},"121":{"start":{"line":397,"column":17},"end":{"line":397,"column":null}},"122":{"start":{"line":398,"column":2},"end":{"line":400,"column":null}},"123":{"start":{"line":399,"column":4},"end":{"line":399,"column":11}},"124":{"start":{"line":399,"column":28},"end":{"line":399,"column":null}},"125":{"start":{"line":402,"column":2},"end":{"line":402,"column":9}},"126":{"start":{"line":431,"column":25},"end":{"line":447,"column":null}},"127":{"start":{"line":432,"column":2},"end":{"line":444,"column":null}},"128":{"start":{"line":433,"column":4},"end":{"line":433,"column":11}},"129":{"start":{"line":434,"column":9},"end":{"line":444,"column":null}},"130":{"start":{"line":435,"column":4},"end":{"line":435,"column":11}},"131":{"start":{"line":436,"column":9},"end":{"line":444,"column":null}},"132":{"start":{"line":437,"column":4},"end":{"line":437,"column":11}},"133":{"start":{"line":438,"column":9},"end":{"line":444,"column":null}},"134":{"start":{"line":439,"column":4},"end":{"line":439,"column":11}},"135":{"start":{"line":440,"column":9},"end":{"line":444,"column":null}},"136":{"start":{"line":441,"column":4},"end":{"line":441,"column":11}},"137":{"start":{"line":442,"column":9},"end":{"line":444,"column":null}},"138":{"start":{"line":443,"column":4},"end":{"line":443,"column":11}},"139":{"start":{"line":446,"column":2},"end":{"line":446,"column":9}},"140":{"start":{"line":450,"column":2},"end":{"line":450,"column":null}},"141":{"start":{"line":457,"column":17},"end":{"line":457,"column":32}},"142":{"start":{"line":458,"column":21},"end":{"line":458,"column":null}},"143":{"start":{"line":459,"column":2},"end":{"line":463,"column":null}},"144":{"start":{"line":460,"column":4},"end":{"line":460,"column":11}},"145":{"start":{"line":461,"column":9},"end":{"line":463,"column":null}},"146":{"start":{"line":462,"column":4},"end":{"line":462,"column":11}},"147":{"start":{"line":462,"column":44},"end":{"line":462,"column":55}},"148":{"start":{"line":464,"column":2},"end":{"line":464,"column":9}},"149":{"start":{"line":468,"column":2},"end":{"line":470,"column":null}},"150":{"start":{"line":469,"column":4},"end":{"line":469,"column":11}},"151":{"start":{"line":471,"column":2},"end":{"line":471,"column":9}},"152":{"start":{"line":480,"column":2},"end":{"line":530,"column":null}},"153":{"start":{"line":480,"column":15},"end":{"line":480,"column":18}},"154":{"start":{"line":481,"column":19},"end":{"line":481,"column":27}},"155":{"start":{"line":490,"column":4},"end":{"line":529,"column":null}},"156":{"start":{"line":493,"column":28},"end":{"line":493,"column":null}},"157":{"start":{"line":494,"column":60},"end":{"line":494,"column":null}},"158":{"start":{"line":502,"column":6},"end":{"line":518,"column":null}},"159":{"start":{"line":504,"column":36},"end":{"line":504,"column":null}},"160":{"start":{"line":506,"column":8},"end":{"line":511,"column":null}},"161":{"start":{"line":507,"column":10},"end":{"line":507,"column":22}},"162":{"start":{"line":510,"column":10},"end":{"line":510,"column":22}},"163":{"start":{"line":513,"column":8},"end":{"line":513,"column":20}},"164":{"start":{"line":515,"column":8},"end":{"line":515,"column":23}},"165":{"start":{"line":517,"column":8},"end":{"line":517,"column":23}},"166":{"start":{"line":522,"column":6},"end":{"line":522,"column":13}},"167":{"start":{"line":524,"column":6},"end":{"line":526,"column":null}},"168":{"start":{"line":525,"column":8},"end":{"line":525,"column":15}},"169":{"start":{"line":527,"column":11},"end":{"line":529,"column":null}},"170":{"start":{"line":528,"column":6},"end":{"line":528,"column":13}},"171":{"start":{"line":531,"column":2},"end":{"line":531,"column":9}},"172":{"start":{"line":535,"column":2},"end":{"line":556,"column":null}},"173":{"start":{"line":536,"column":4},"end":{"line":538,"column":null}},"174":{"start":{"line":537,"column":6},"end":{"line":537,"column":14}},"175":{"start":{"line":539,"column":4},"end":{"line":539,"column":11}},"176":{"start":{"line":540,"column":6},"end":{"line":542,"column":null}},"177":{"start":{"line":541,"column":8},"end":{"line":541,"column":15}},"178":{"start":{"line":543,"column":6},"end":{"line":543,"column":13}},"179":{"start":{"line":545,"column":9},"end":{"line":556,"column":null}},"180":{"start":{"line":546,"column":16},"end":{"line":546,"column":22}},"181":{"start":{"line":547,"column":4},"end":{"line":547,"column":11}},"182":{"start":{"line":548,"column":6},"end":{"line":548,"column":9}},"183":{"start":{"line":552,"column":6},"end":{"line":552,"column":13}},"184":{"start":{"line":555,"column":4},"end":{"line":555,"column":11}},"185":{"start":{"line":565,"column":2},"end":{"line":567,"column":null}},"186":{"start":{"line":566,"column":4},"end":{"line":566,"column":10}},"187":{"start":{"line":569,"column":19},"end":{"line":569,"column":null}},"188":{"start":{"line":578,"column":2},"end":{"line":581,"column":null}},"189":{"start":{"line":580,"column":4},"end":{"line":580,"column":11}},"190":{"start":{"line":582,"column":2},"end":{"line":584,"column":null}},"191":{"start":{"line":583,"column":4},"end":{"line":583,"column":11}},"192":{"start":{"line":585,"column":2},"end":{"line":587,"column":null}},"193":{"start":{"line":586,"column":4},"end":{"line":586,"column":11}},"194":{"start":{"line":588,"column":2},"end":{"line":588,"column":9}}},"fnMap":{"0":{"name":"isObject","decl":{"start":{"line":10,"column":16},"end":{"line":10,"column":25}},"loc":{"start":{"line":10,"column":35},"end":{"line":12,"column":null}}},"1":{"name":"isEmptyObject","decl":{"start":{"line":14,"column":16},"end":{"line":14,"column":30}},"loc":{"start":{"line":14,"column":40},"end":{"line":16,"column":null}}},"2":{"name":"hasOwnProperty","decl":{"start":{"line":18,"column":16},"end":{"line":18,"column":31}},"loc":{"start":{"line":18,"column":52},"end":{"line":24,"column":null}}},"3":{"name":"validateData","decl":{"start":{"line":31,"column":16},"end":{"line":31,"column":29}},"loc":{"start":{"line":31,"column":51},"end":{"line":37,"column":null}}},"4":{"name":"resolveSchema","decl":{"start":{"line":41,"column":16},"end":{"line":41,"column":30}},"loc":{"start":{"line":41,"column":76},"end":{"line":58,"column":null}}},"5":{"name":"(anonymous_5)","decl":{"start":{"line":50,"column":31},"end":{"line":50,"column":null}},"loc":{"start":{"line":51,"column":8},"end":{"line":51,"column":23}}},"6":{"name":"retrieveSchema","decl":{"start":{"line":61,"column":16},"end":{"line":61,"column":null}},"loc":{"start":{"line":64,"column":20},"end":{"line":97,"column":null}}},"7":{"name":"stubExistingAdditionalProperties","decl":{"start":{"line":101,"column":16},"end":{"line":101,"column":null}},"loc":{"start":{"line":104,"column":20},"end":{"line":138,"column":null}}},"8":{"name":"(anonymous_8)","decl":{"start":{"line":112,"column":33},"end":{"line":112,"column":40}},"loc":{"start":{"line":112,"column":40},"end":{"line":135,"column":null}}},"9":{"name":"resolveReference","decl":{"start":{"line":153,"column":9},"end":{"line":153,"column":26}},"loc":{"start":{"line":153,"column":69},"end":{"line":164,"column":null}}},"10":{"name":"findSchemaDefinition","decl":{"start":{"line":166,"column":16},"end":{"line":166,"column":37}},"loc":{"start":{"line":166,"column":66},"end":{"line":183,"column":null}}},"11":{"name":"resolveDependencies","decl":{"start":{"line":185,"column":9},"end":{"line":185,"column":null}},"loc":{"start":{"line":188,"column":15},"end":{"line":209,"column":null}}},"12":{"name":"processDependencies","decl":{"start":{"line":210,"column":9},"end":{"line":210,"column":null}},"loc":{"start":{"line":214,"column":15},"end":{"line":252,"column":null}}},"13":{"name":"withDependentProperties","decl":{"start":{"line":254,"column":9},"end":{"line":254,"column":33}},"loc":{"start":{"line":254,"column":71},"end":{"line":262,"column":null}}},"14":{"name":"withDependentSchema","decl":{"start":{"line":264,"column":9},"end":{"line":264,"column":null}},"loc":{"start":{"line":269,"column":22},"end":{"line":297,"column":null}}},"15":{"name":"(anonymous_15)","decl":{"start":{"line":285,"column":35},"end":{"line":285,"column":null}},"loc":{"start":{"line":286,"column":4},"end":{"line":288,"column":null}}},"16":{"name":"withExactlyOneSubschema","decl":{"start":{"line":299,"column":9},"end":{"line":299,"column":null}},"loc":{"start":{"line":304,"column":12},"end":{"line":341,"column":null}}},"17":{"name":"(anonymous_17)","decl":{"start":{"line":306,"column":40},"end":{"line":306,"column":58}},"loc":{"start":{"line":306,"column":58},"end":{"line":322,"column":null}}},"18":{"name":"mergeSchemas","decl":{"start":{"line":348,"column":16},"end":{"line":348,"column":29}},"loc":{"start":{"line":348,"column":49},"end":{"line":371,"column":null}}},"19":{"name":"(anonymous_19)","decl":{"start":{"line":350,"column":34},"end":{"line":350,"column":35}},"loc":{"start":{"line":350,"column":47},"end":{"line":370,"column":5}}},"20":{"name":"getSchemaType","decl":{"start":{"line":382,"column":16},"end":{"line":382,"column":30}},"loc":{"start":{"line":382,"column":44},"end":{"line":427,"column":null}}},"21":{"name":"(anonymous_21)","decl":{"start":{"line":399,"column":19},"end":{"line":399,"column":28}},"loc":{"start":{"line":399,"column":28},"end":{"line":399,"column":null}}},"22":{"name":"guessType","decl":{"start":{"line":431,"column":34},"end":{"line":431,"column":44}},"loc":{"start":{"line":431,"column":54},"end":{"line":447,"column":null}}},"23":{"name":"isConstant","decl":{"start":{"line":449,"column":16},"end":{"line":449,"column":27}},"loc":{"start":{"line":449,"column":41},"end":{"line":454,"column":null}}},"24":{"name":"isSelect","decl":{"start":{"line":456,"column":16},"end":{"line":456,"column":25}},"loc":{"start":{"line":456,"column":62},"end":{"line":465,"column":null}}},"25":{"name":"(anonymous_25)","decl":{"start":{"line":462,"column":29},"end":{"line":462,"column":44}},"loc":{"start":{"line":462,"column":44},"end":{"line":462,"column":55}}},"26":{"name":"isMultiSelect","decl":{"start":{"line":467,"column":16},"end":{"line":467,"column":30}},"loc":{"start":{"line":467,"column":69},"end":{"line":472,"column":null}}},"27":{"name":"getMatchingOption","decl":{"start":{"line":475,"column":16},"end":{"line":475,"column":null}},"loc":{"start":{"line":478,"column":49},"end":{"line":532,"column":null}}},"28":{"name":"(anonymous_28)","decl":{"start":{"line":494,"column":51},"end":{"line":494,"column":60}},"loc":{"start":{"line":494,"column":60},"end":{"line":494,"column":null}}},"29":{"name":"mergeDefaultsWithFormData","decl":{"start":{"line":534,"column":16},"end":{"line":534,"column":42}},"loc":{"start":{"line":534,"column":70},"end":{"line":557,"column":null}}},"30":{"name":"(anonymous_30)","decl":{"start":{"line":539,"column":24},"end":{"line":539,"column":25}},"loc":{"start":{"line":539,"column":39},"end":{"line":544,"column":null}}},"31":{"name":"(anonymous_31)","decl":{"start":{"line":547,"column":40},"end":{"line":547,"column":41}},"loc":{"start":{"line":547,"column":53},"end":{"line":553,"column":7}}},"32":{"name":"getDefaultFormState","decl":{"start":{"line":559,"column":16},"end":{"line":559,"column":null}},"loc":{"start":{"line":561,"column":15},"end":{"line":589,"column":null}}}},"branchMap":{"0":{"loc":{"start":{"line":11,"column":9},"end":{"line":11,"column":38}},"type":"binary-expr","locations":[{"start":{"line":11,"column":9},"end":{"line":11,"column":38}},{"start":{"line":11,"column":38},"end":{"line":11,"column":56}},{"start":{"line":11,"column":56},"end":{"line":11,"column":62}}]},"1":{"loc":{"start":{"line":15,"column":9},"end":{"line":15,"column":18}},"type":"binary-expr","locations":[{"start":{"line":15,"column":9},"end":{"line":15,"column":18}},{"start":{"line":15,"column":28},"end":{"line":15,"column":null}}]},"2":{"loc":{"start":{"line":41,"column":59},"end":{"line":41,"column":63}},"type":"default-arg","locations":[{"start":{"line":41,"column":59},"end":{"line":41,"column":63}}]},"3":{"loc":{"start":{"line":41,"column":74},"end":{"line":41,"column":76}},"type":"default-arg","locations":[{"start":{"line":41,"column":74},"end":{"line":41,"column":76}}]},"4":{"loc":{"start":{"line":42,"column":2},"end":{"line":57,"column":null}},"type":"if","locations":[{"start":{"line":42,"column":2},"end":{"line":57,"column":null}},{"start":{"line":42,"column":2},"end":{"line":57,"column":null}}]},"5":{"loc":{"start":{"line":44,"column":9},"end":{"line":57,"column":null}},"type":"if","locations":[{"start":{"line":44,"column":9},"end":{"line":57,"column":null}},{"start":{"line":44,"column":9},"end":{"line":57,"column":null}}]},"6":{"loc":{"start":{"line":47,"column":9},"end":{"line":57,"column":null}},"type":"if","locations":[{"start":{"line":47,"column":9},"end":{"line":57,"column":null}},{"start":{"line":47,"column":9},"end":{"line":57,"column":null}}]},"7":{"loc":{"start":{"line":47,"column":13},"end":{"line":47,"column":28}},"type":"binary-expr","locations":[{"start":{"line":47,"column":13},"end":{"line":47,"column":28}},{"start":{"line":47,"column":48},"end":{"line":47,"column":53}}]},"8":{"loc":{"start":{"line":63,"column":15},"end":{"line":63,"column":null}},"type":"default-arg","locations":[{"start":{"line":63,"column":15},"end":{"line":63,"column":null}}]},"9":{"loc":{"start":{"line":64,"column":18},"end":{"line":64,"column":20}},"type":"default-arg","locations":[{"start":{"line":64,"column":18},"end":{"line":64,"column":20}}]},"10":{"loc":{"start":{"line":66,"column":2},"end":{"line":68,"column":null}},"type":"if","locations":[{"start":{"line":66,"column":2},"end":{"line":68,"column":null}},{"start":{"line":66,"column":2},"end":{"line":68,"column":null}}]},"11":{"loc":{"start":{"line":72,"column":2},"end":{"line":84,"column":null}},"type":"if","locations":[{"start":{"line":72,"column":2},"end":{"line":84,"column":null}},{"start":{"line":72,"column":2},"end":{"line":84,"column":null}}]},"12":{"loc":{"start":{"line":86,"column":4},"end":{"line":86,"column":18}},"type":"binary-expr","locations":[{"start":{"line":86,"column":4},"end":{"line":86,"column":18}},{"start":{"line":87,"column":4},"end":{"line":87,"column":null}}]},"13":{"loc":{"start":{"line":88,"column":2},"end":{"line":95,"column":null}},"type":"if","locations":[{"start":{"line":88,"column":2},"end":{"line":95,"column":null}},{"start":{"line":88,"column":2},"end":{"line":95,"column":null}}]},"14":{"loc":{"start":{"line":103,"column":23},"end":{"line":103,"column":null}},"type":"default-arg","locations":[{"start":{"line":103,"column":23},"end":{"line":103,"column":null}}]},"15":{"loc":{"start":{"line":104,"column":18},"end":{"line":104,"column":20}},"type":"default-arg","locations":[{"start":{"line":104,"column":18},"end":{"line":104,"column":20}}]},"16":{"loc":{"start":{"line":113,"column":4},"end":{"line":116,"column":null}},"type":"if","locations":[{"start":{"line":113,"column":4},"end":{"line":116,"column":null}},{"start":{"line":113,"column":4},"end":{"line":116,"column":null}}]},"17":{"loc":{"start":{"line":119,"column":4},"end":{"line":129,"column":null}},"type":"if","locations":[{"start":{"line":119,"column":4},"end":{"line":129,"column":null}},{"start":{"line":119,"column":4},"end":{"line":129,"column":null}}]},"18":{"loc":{"start":{"line":125,"column":11},"end":{"line":129,"column":null}},"type":"if","locations":[{"start":{"line":125,"column":11},"end":{"line":129,"column":null}},{"start":{"line":125,"column":11},"end":{"line":129,"column":null}}]},"19":{"loc":{"start":{"line":166,"column":64},"end":{"line":166,"column":66}},"type":"default-arg","locations":[{"start":{"line":166,"column":64},"end":{"line":166,"column":66}}]},"20":{"loc":{"start":{"line":168,"column":2},"end":{"line":173,"column":null}},"type":"if","locations":[{"start":{"line":168,"column":2},"end":{"line":173,"column":null}},{"start":{"line":168,"column":2},"end":{"line":173,"column":null}}]},"21":{"loc":{"start":{"line":175,"column":2},"end":{"line":177,"column":null}},"type":"if","locations":[{"start":{"line":175,"column":2},"end":{"line":177,"column":null}},{"start":{"line":175,"column":2},"end":{"line":177,"column":null}}]},"22":{"loc":{"start":{"line":178,"column":2},"end":{"line":181,"column":null}},"type":"if","locations":[{"start":{"line":178,"column":2},"end":{"line":181,"column":null}},{"start":{"line":178,"column":2},"end":{"line":181,"column":null}}]},"23":{"loc":{"start":{"line":191,"column":23},"end":{"line":191,"column":27}},"type":"default-arg","locations":[{"start":{"line":191,"column":23},"end":{"line":191,"column":27}}]},"24":{"loc":{"start":{"line":192,"column":2},"end":{"line":202,"column":null}},"type":"if","locations":[{"start":{"line":192,"column":2},"end":{"line":202,"column":null}},{"start":{"line":192,"column":2},"end":{"line":202,"column":null}}]},"25":{"loc":{"start":{"line":197,"column":9},"end":{"line":202,"column":null}},"type":"if","locations":[{"start":{"line":197,"column":9},"end":{"line":202,"column":null}},{"start":{"line":197,"column":9},"end":{"line":202,"column":null}}]},"26":{"loc":{"start":{"line":219,"column":4},"end":{"line":221,"column":null}},"type":"if","locations":[{"start":{"line":219,"column":4},"end":{"line":221,"column":null}},{"start":{"line":219,"column":4},"end":{"line":221,"column":null}}]},"27":{"loc":{"start":{"line":223,"column":4},"end":{"line":228,"column":null}},"type":"if","locations":[{"start":{"line":223,"column":4},"end":{"line":228,"column":null}},{"start":{"line":223,"column":4},"end":{"line":228,"column":null}}]},"28":{"loc":{"start":{"line":224,"column":6},"end":{"line":224,"column":null}},"type":"binary-expr","locations":[{"start":{"line":224,"column":6},"end":{"line":224,"column":null}},{"start":{"line":225,"column":6},"end":{"line":225,"column":8}}]},"29":{"loc":{"start":{"line":233,"column":4},"end":{"line":243,"column":null}},"type":"if","locations":[{"start":{"line":233,"column":4},"end":{"line":243,"column":null}},{"start":{"line":233,"column":4},"end":{"line":243,"column":null}}]},"30":{"loc":{"start":{"line":235,"column":11},"end":{"line":243,"column":null}},"type":"if","locations":[{"start":{"line":235,"column":11},"end":{"line":243,"column":null}},{"start":{"line":235,"column":11},"end":{"line":243,"column":null}}]},"31":{"loc":{"start":{"line":255,"column":2},"end":{"line":257,"column":null}},"type":"if","locations":[{"start":{"line":255,"column":2},"end":{"line":257,"column":null}},{"start":{"line":255,"column":2},"end":{"line":257,"column":null}}]},"32":{"loc":{"start":{"line":259,"column":6},"end":{"line":259,"column":11}},"type":"cond-expr","locations":[{"start":{"line":259,"column":6},"end":{"line":259,"column":11}},{"start":{"line":260,"column":6},"end":{"line":260,"column":null}}]},"33":{"loc":{"start":{"line":279,"column":2},"end":{"line":283,"column":null}},"type":"if","locations":[{"start":{"line":279,"column":2},"end":{"line":283,"column":null}},{"start":{"line":279,"column":2},"end":{"line":283,"column":null}}]},"34":{"loc":{"start":{"line":281,"column":9},"end":{"line":283,"column":null}},"type":"if","locations":[{"start":{"line":281,"column":9},"end":{"line":283,"column":null}},{"start":{"line":281,"column":9},"end":{"line":283,"column":null}}]},"35":{"loc":{"start":{"line":287,"column":8},"end":{"line":287,"column":25}},"type":"cond-expr","locations":[{"start":{"line":287,"column":8},"end":{"line":287,"column":25}},{"start":{"line":288,"column":8},"end":{"line":288,"column":null}}]},"36":{"loc":{"start":{"line":307,"column":4},"end":{"line":309,"column":null}},"type":"if","locations":[{"start":{"line":307,"column":4},"end":{"line":309,"column":null}},{"start":{"line":307,"column":4},"end":{"line":309,"column":null}}]},"37":{"loc":{"start":{"line":311,"column":4},"end":{"line":321,"column":null}},"type":"if","locations":[{"start":{"line":311,"column":4},"end":{"line":321,"column":null}},{"start":{"line":311,"column":4},"end":{"line":321,"column":null}}]},"38":{"loc":{"start":{"line":320,"column":13},"end":{"line":320,"column":24}},"type":"binary-expr","locations":[{"start":{"line":320,"column":13},"end":{"line":320,"column":24}},{"start":{"line":320,"column":24},"end":{"line":320,"column":null}}]},"39":{"loc":{"start":{"line":323,"column":2},"end":{"line":328,"column":null}},"type":"if","locations":[{"start":{"line":323,"column":2},"end":{"line":328,"column":null}},{"start":{"line":323,"column":2},"end":{"line":328,"column":null}}]},"40":{"loc":{"start":{"line":351,"column":24},"end":{"line":351,"column":29}},"type":"cond-expr","locations":[{"start":{"line":351,"column":24},"end":{"line":351,"column":29}},{"start":{"line":351,"column":36},"end":{"line":351,"column":null}}]},"41":{"loc":{"start":{"line":353,"column":4},"end":{"line":368,"column":null}},"type":"if","locations":[{"start":{"line":353,"column":4},"end":{"line":368,"column":null}},{"start":{"line":353,"column":4},"end":{"line":368,"column":null}}]},"42":{"loc":{"start":{"line":353,"column":8},"end":{"line":353,"column":12}},"type":"binary-expr","locations":[{"start":{"line":353,"column":8},"end":{"line":353,"column":12}},{"start":{"line":353,"column":16},"end":{"line":353,"column":31}},{"start":{"line":353,"column":45},"end":{"line":353,"column":54}}]},"43":{"loc":{"start":{"line":355,"column":11},"end":{"line":368,"column":null}},"type":"if","locations":[{"start":{"line":355,"column":11},"end":{"line":368,"column":null}},{"start":{"line":355,"column":11},"end":{"line":368,"column":null}}]},"44":{"loc":{"start":{"line":356,"column":6},"end":{"line":356,"column":10}},"type":"binary-expr","locations":[{"start":{"line":356,"column":6},"end":{"line":356,"column":10}},{"start":{"line":357,"column":6},"end":{"line":357,"column":null}},{"start":{"line":358,"column":7},"end":{"line":358,"column":43}},{"start":{"line":358,"column":43},"end":{"line":358,"column":null}},{"start":{"line":359,"column":6},"end":{"line":359,"column":null}},{"start":{"line":360,"column":6},"end":{"line":360,"column":11}},{"start":{"line":361,"column":6},"end":{"line":361,"column":11}}]},"45":{"loc":{"start":{"line":385,"column":2},"end":{"line":387,"column":null}},"type":"if","locations":[{"start":{"line":385,"column":2},"end":{"line":387,"column":null}},{"start":{"line":385,"column":2},"end":{"line":387,"column":null}}]},"46":{"loc":{"start":{"line":385,"column":6},"end":{"line":385,"column":15}},"type":"binary-expr","locations":[{"start":{"line":385,"column":6},"end":{"line":385,"column":15}},{"start":{"line":385,"column":15},"end":{"line":385,"column":29}}]},"47":{"loc":{"start":{"line":389,"column":2},"end":{"line":391,"column":null}},"type":"if","locations":[{"start":{"line":389,"column":2},"end":{"line":391,"column":null}},{"start":{"line":389,"column":2},"end":{"line":391,"column":null}}]},"48":{"loc":{"start":{"line":389,"column":6},"end":{"line":389,"column":15}},"type":"binary-expr","locations":[{"start":{"line":389,"column":6},"end":{"line":389,"column":15}},{"start":{"line":389,"column":15},"end":{"line":389,"column":28}}]},"49":{"loc":{"start":{"line":393,"column":2},"end":{"line":395,"column":null}},"type":"if","locations":[{"start":{"line":393,"column":2},"end":{"line":395,"column":null}},{"start":{"line":393,"column":2},"end":{"line":395,"column":null}}]},"50":{"loc":{"start":{"line":393,"column":6},"end":{"line":393,"column":16}},"type":"binary-expr","locations":[{"start":{"line":393,"column":6},"end":{"line":393,"column":16}},{"start":{"line":393,"column":16},"end":{"line":393,"column":37}},{"start":{"line":393,"column":37},"end":{"line":393,"column":67}}]},"51":{"loc":{"start":{"line":398,"column":2},"end":{"line":400,"column":null}},"type":"if","locations":[{"start":{"line":398,"column":2},"end":{"line":400,"column":null}},{"start":{"line":398,"column":2},"end":{"line":400,"column":null}}]},"52":{"loc":{"start":{"line":398,"column":6},"end":{"line":398,"column":28}},"type":"binary-expr","locations":[{"start":{"line":398,"column":6},"end":{"line":398,"column":28}},{"start":{"line":398,"column":28},"end":{"line":398,"column":46}},{"start":{"line":398,"column":46},"end":{"line":398,"column":47}}]},"53":{"loc":{"start":{"line":432,"column":2},"end":{"line":444,"column":null}},"type":"if","locations":[{"start":{"line":432,"column":2},"end":{"line":444,"column":null}},{"start":{"line":432,"column":2},"end":{"line":444,"column":null}}]},"54":{"loc":{"start":{"line":434,"column":9},"end":{"line":444,"column":null}},"type":"if","locations":[{"start":{"line":434,"column":9},"end":{"line":444,"column":null}},{"start":{"line":434,"column":9},"end":{"line":444,"column":null}}]},"55":{"loc":{"start":{"line":436,"column":9},"end":{"line":444,"column":null}},"type":"if","locations":[{"start":{"line":436,"column":9},"end":{"line":444,"column":null}},{"start":{"line":436,"column":9},"end":{"line":444,"column":null}}]},"56":{"loc":{"start":{"line":438,"column":9},"end":{"line":444,"column":null}},"type":"if","locations":[{"start":{"line":438,"column":9},"end":{"line":444,"column":null}},{"start":{"line":438,"column":9},"end":{"line":444,"column":null}}]},"57":{"loc":{"start":{"line":440,"column":9},"end":{"line":444,"column":null}},"type":"if","locations":[{"start":{"line":440,"column":9},"end":{"line":444,"column":null}},{"start":{"line":440,"column":9},"end":{"line":444,"column":null}}]},"58":{"loc":{"start":{"line":442,"column":9},"end":{"line":444,"column":null}},"type":"if","locations":[{"start":{"line":442,"column":9},"end":{"line":444,"column":null}},{"start":{"line":442,"column":9},"end":{"line":444,"column":null}}]},"59":{"loc":{"start":{"line":451,"column":5},"end":{"line":451,"column":10}},"type":"binary-expr","locations":[{"start":{"line":451,"column":5},"end":{"line":451,"column":10}},{"start":{"line":451,"column":35},"end":{"line":451,"column":null}},{"start":{"line":452,"column":4},"end":{"line":452,"column":10}}]},"60":{"loc":{"start":{"line":456,"column":60},"end":{"line":456,"column":62}},"type":"default-arg","locations":[{"start":{"line":456,"column":60},"end":{"line":456,"column":62}}]},"61":{"loc":{"start":{"line":458,"column":21},"end":{"line":458,"column":37}},"type":"binary-expr","locations":[{"start":{"line":458,"column":21},"end":{"line":458,"column":37}},{"start":{"line":458,"column":37},"end":{"line":458,"column":null}}]},"62":{"loc":{"start":{"line":459,"column":2},"end":{"line":463,"column":null}},"type":"if","locations":[{"start":{"line":459,"column":2},"end":{"line":463,"column":null}},{"start":{"line":459,"column":2},"end":{"line":463,"column":null}}]},"63":{"loc":{"start":{"line":461,"column":9},"end":{"line":463,"column":null}},"type":"if","locations":[{"start":{"line":461,"column":9},"end":{"line":463,"column":null}},{"start":{"line":461,"column":9},"end":{"line":463,"column":null}}]},"64":{"loc":{"start":{"line":467,"column":67},"end":{"line":467,"column":69}},"type":"default-arg","locations":[{"start":{"line":467,"column":67},"end":{"line":467,"column":69}}]},"65":{"loc":{"start":{"line":468,"column":2},"end":{"line":470,"column":null}},"type":"if","locations":[{"start":{"line":468,"column":2},"end":{"line":470,"column":null}},{"start":{"line":468,"column":2},"end":{"line":470,"column":null}}]},"66":{"loc":{"start":{"line":468,"column":6},"end":{"line":468,"column":29}},"type":"binary-expr","locations":[{"start":{"line":468,"column":6},"end":{"line":468,"column":29}},{"start":{"line":468,"column":29},"end":{"line":468,"column":44}}]},"67":{"loc":{"start":{"line":490,"column":4},"end":{"line":529,"column":null}},"type":"if","locations":[{"start":{"line":490,"column":4},"end":{"line":529,"column":null}},{"start":{"line":490,"column":4},"end":{"line":529,"column":null}}]},"68":{"loc":{"start":{"line":502,"column":6},"end":{"line":518,"column":null}},"type":"if","locations":[{"start":{"line":502,"column":6},"end":{"line":518,"column":null}},{"start":{"line":502,"column":6},"end":{"line":518,"column":null}}]},"69":{"loc":{"start":{"line":506,"column":8},"end":{"line":511,"column":null}},"type":"if","locations":[{"start":{"line":506,"column":8},"end":{"line":511,"column":null}},{"start":{"line":506,"column":8},"end":{"line":511,"column":null}}]},"70":{"loc":{"start":{"line":524,"column":6},"end":{"line":526,"column":null}},"type":"if","locations":[{"start":{"line":524,"column":6},"end":{"line":526,"column":null}},{"start":{"line":524,"column":6},"end":{"line":526,"column":null}}]},"71":{"loc":{"start":{"line":527,"column":11},"end":{"line":529,"column":null}},"type":"if","locations":[{"start":{"line":527,"column":11},"end":{"line":529,"column":null}},{"start":{"line":527,"column":11},"end":{"line":529,"column":null}}]},"72":{"loc":{"start":{"line":535,"column":2},"end":{"line":556,"column":null}},"type":"if","locations":[{"start":{"line":535,"column":2},"end":{"line":556,"column":null}},{"start":{"line":535,"column":2},"end":{"line":556,"column":null}}]},"73":{"loc":{"start":{"line":536,"column":4},"end":{"line":538,"column":null}},"type":"if","locations":[{"start":{"line":536,"column":4},"end":{"line":538,"column":null}},{"start":{"line":536,"column":4},"end":{"line":538,"column":null}}]},"74":{"loc":{"start":{"line":540,"column":6},"end":{"line":542,"column":null}},"type":"if","locations":[{"start":{"line":540,"column":6},"end":{"line":542,"column":null}},{"start":{"line":540,"column":6},"end":{"line":542,"column":null}}]},"75":{"loc":{"start":{"line":545,"column":9},"end":{"line":556,"column":null}},"type":"if","locations":[{"start":{"line":545,"column":9},"end":{"line":556,"column":null}},{"start":{"line":545,"column":9},"end":{"line":556,"column":null}}]},"76":{"loc":{"start":{"line":549,"column":19},"end":{"line":549,"column":28}},"type":"cond-expr","locations":[{"start":{"line":549,"column":19},"end":{"line":549,"column":28}},{"start":{"line":549,"column":35},"end":{"line":549,"column":null}}]},"77":{"loc":{"start":{"line":565,"column":2},"end":{"line":567,"column":null}},"type":"if","locations":[{"start":{"line":565,"column":2},"end":{"line":567,"column":null}},{"start":{"line":565,"column":2},"end":{"line":567,"column":null}}]},"78":{"loc":{"start":{"line":578,"column":2},"end":{"line":581,"column":null}},"type":"if","locations":[{"start":{"line":578,"column":2},"end":{"line":581,"column":null}},{"start":{"line":578,"column":2},"end":{"line":581,"column":null}}]},"79":{"loc":{"start":{"line":582,"column":2},"end":{"line":584,"column":null}},"type":"if","locations":[{"start":{"line":582,"column":2},"end":{"line":584,"column":null}},{"start":{"line":582,"column":2},"end":{"line":584,"column":null}}]},"80":{"loc":{"start":{"line":582,"column":6},"end":{"line":582,"column":15}},"type":"binary-expr","locations":[{"start":{"line":582,"column":6},"end":{"line":582,"column":15}},{"start":{"line":582,"column":28},"end":{"line":582,"column":33}}]},"81":{"loc":{"start":{"line":585,"column":2},"end":{"line":587,"column":null}},"type":"if","locations":[{"start":{"line":585,"column":2},"end":{"line":587,"column":null}},{"start":{"line":585,"column":2},"end":{"line":587,"column":null}}]},"82":{"loc":{"start":{"line":585,"column":6},"end":{"line":585,"column":24}},"type":"binary-expr","locations":[{"start":{"line":585,"column":6},"end":{"line":585,"column":24}},{"start":{"line":585,"column":24},"end":{"line":585,"column":46}},{"start":{"line":585,"column":46},"end":{"line":585,"column":63}}]},"83":{"loc":{"start":{"line":588,"column":9},"end":{"line":588,"column":17}},"type":"binary-expr","locations":[{"start":{"line":588,"column":9},"end":{"line":588,"column":17}},{"start":{"line":588,"column":21},"end":{"line":588,"column":null}}]}},"s":{"0":1,"1":1,"2":1,"3":1,"4":1,"5":0,"6":3,"7":1,"8":0,"9":0,"10":1,"11":0,"12":1,"13":0,"14":0,"15":1,"16":0,"17":0,"18":1,"19":1,"20":0,"21":1,"22":1,"23":0,"24":0,"25":0,"26":0,"27":0,"28":1,"29":1,"30":0,"31":1,"32":1,"33":0,"34":0,"35":0,"36":0,"37":0,"38":0,"39":0,"40":0,"41":0,"42":0,"43":0,"44":0,"45":0,"46":0,"47":0,"48":0,"49":0,"50":0,"51":0,"52":0,"53":0,"54":0,"55":0,"56":0,"57":0,"58":0,"59":0,"60":0,"61":0,"62":0,"63":0,"64":0,"65":0,"66":0,"67":0,"68":0,"69":0,"70":0,"71":0,"72":0,"73":0,"74":0,"75":0,"76":0,"77":0,"78":0,"79":0,"80":0,"81":0,"82":0,"83":0,"84":0,"85":0,"86":0,"87":0,"88":0,"89":0,"90":0,"91":0,"92":0,"93":0,"94":0,"95":0,"96":0,"97":0,"98":0,"99":0,"100":0,"101":0,"102":0,"103":0,"104":0,"105":0,"106":0,"107":0,"108":0,"109":0,"110":0,"111":0,"112":0,"113":0,"114":0,"115":0,"116":0,"117":0,"118":0,"119":0,"120":0,"121":0,"122":0,"123":0,"124":0,"125":0,"126":1,"127":0,"128":0,"129":0,"130":0,"131":0,"132":0,"133":0,"134":0,"135":0,"136":0,"137":0,"138":0,"139":0,"140":0,"141":0,"142":0,"143":0,"144":0,"145":0,"146":0,"147":0,"148":0,"149":0,"150":0,"151":0,"152":0,"153":0,"154":0,"155":0,"156":0,"157":0,"158":0,"159":0,"160":0,"161":0,"162":0,"163":0,"164":0,"165":0,"166":0,"167":0,"168":0,"169":0,"170":0,"171":0,"172":0,"173":0,"174":0,"175":0,"176":0,"177":0,"178":0,"179":0,"180":0,"181":0,"182":0,"183":0,"184":0,"185":0,"186":0,"187":0,"188":0,"189":0,"190":0,"191":0,"192":0,"193":0,"194":0},"f":{"0":1,"1":0,"2":3,"3":0,"4":1,"5":0,"6":1,"7":0,"8":0,"9":0,"10":0,"11":0,"12":0,"13":0,"14":0,"15":0,"16":0,"17":0,"18":0,"19":0,"20":0,"21":0,"22":0,"23":0,"24":0,"25":0,"26":0,"27":0,"28":0,"29":0,"30":0,"31":0,"32":0},"b":{"0":[1,1,1],"1":[0,0],"2":[0],"3":[0],"4":[0,1],"5":[0,1],"6":[0,1],"7":[1,0],"8":[0],"9":[0],"10":[0,1],"11":[0,1],"12":[1,0],"13":[0,1],"14":[0],"15":[0],"16":[0,0],"17":[0,0],"18":[0,0],"19":[0],"20":[0,0],"21":[0,0],"22":[0,0],"23":[0],"24":[0,0],"25":[0,0],"26":[0,0],"27":[0,0],"28":[0,0],"29":[0,0],"30":[0,0],"31":[0,0],"32":[0,0],"33":[0,0],"34":[0,0],"35":[0,0],"36":[0,0],"37":[0,0],"38":[0,0],"39":[0,0],"40":[0,0],"41":[0,0],"42":[0,0,0],"43":[0,0],"44":[0,0,0,0,0,0,0],"45":[0,0],"46":[0,0],"47":[0,0],"48":[0,0],"49":[0,0],"50":[0,0,0],"51":[0,0],"52":[0,0,0],"53":[0,0],"54":[0,0],"55":[0,0],"56":[0,0],"57":[0,0],"58":[0,0],"59":[0,0,0],"60":[0],"61":[0,0],"62":[0,0],"63":[0,0],"64":[0],"65":[0,0],"66":[0,0],"67":[0,0],"68":[0,0],"69":[0,0],"70":[0,0],"71":[0,0],"72":[0,0],"73":[0,0],"74":[0,0],"75":[0,0],"76":[0,0],"77":[0,0],"78":[0,0],"79":[0,0],"80":[0,0],"81":[0,0],"82":[0,0,0],"83":[0,0]}}
,"/Users/zhouying/Desktop/tx/vue3-json-schema-form/lib/fields/ArrayField.tsx": {"path":"/Users/zhouying/Desktop/tx/vue3-json-schema-form/lib/fields/ArrayField.tsx","statementMap":{"0":{"start":{"line":1,"column":0},"end":{"line":1,"column":null}},"1":{"start":{"line":3,"column":0},"end":{"line":3,"column":null}},"2":{"start":{"line":4,"column":0},"end":{"line":4,"column":null}},"3":{"start":{"line":5,"column":0},"end":{"line":5,"column":null}},"4":{"start":{"line":7,"column":18},"end":{"line":7,"column":34}},"5":{"start":{"line":27,"column":25},"end":{"line":27,"column":41}},"6":{"start":{"line":52,"column":23},"end":{"line":52,"column":null}},"7":{"start":{"line":54,"column":22},"end":{"line":54,"column":33}},"8":{"start":{"line":54,"column":28},"end":{"line":54,"column":33}},"9":{"start":{"line":55,"column":23},"end":{"line":55,"column":34}},"10":{"start":{"line":55,"column":29},"end":{"line":55,"column":34}},"11":{"start":{"line":56,"column":21},"end":{"line":56,"column":32}},"12":{"start":{"line":56,"column":27},"end":{"line":56,"column":32}},"13":{"start":{"line":57,"column":25},"end":{"line":57,"column":36}},"14":{"start":{"line":57,"column":31},"end":{"line":57,"column":36}},"15":{"start":{"line":59,"column":4},"end":{"line":59,"column":11}},"16":{"start":{"line":60,"column":22},"end":{"line":60,"column":null}},"17":{"start":{"line":61,"column":6},"end":{"line":61,"column":null}},"18":{"start":{"line":99,"column":15},"end":{"line":99,"column":31}},"19":{"start":{"line":103,"column":20},"end":{"line":103,"column":null}},"20":{"start":{"line":104,"column":34},"end":{"line":111,"column":null}},"21":{"start":{"line":105,"column":24},"end":{"line":105,"column":null}},"22":{"start":{"line":106,"column":18},"end":{"line":106,"column":null}},"23":{"start":{"line":108,"column":6},"end":{"line":108,"column":9}},"24":{"start":{"line":110,"column":6},"end":{"line":110,"column":11}},"25":{"start":{"line":113,"column":23},"end":{"line":120,"column":null}},"26":{"start":{"line":114,"column":24},"end":{"line":114,"column":null}},"27":{"start":{"line":115,"column":18},"end":{"line":115,"column":null}},"28":{"start":{"line":117,"column":6},"end":{"line":117,"column":9}},"29":{"start":{"line":119,"column":6},"end":{"line":119,"column":11}},"30":{"start":{"line":121,"column":26},"end":{"line":128,"column":null}},"31":{"start":{"line":122,"column":24},"end":{"line":122,"column":null}},"32":{"start":{"line":123,"column":18},"end":{"line":123,"column":null}},"33":{"start":{"line":125,"column":6},"end":{"line":125,"column":9}},"34":{"start":{"line":127,"column":6},"end":{"line":127,"column":11}},"35":{"start":{"line":129,"column":22},"end":{"line":139,"column":null}},"36":{"start":{"line":130,"column":24},"end":{"line":130,"column":null}},"37":{"start":{"line":131,"column":18},"end":{"line":131,"column":null}},"38":{"start":{"line":134,"column":6},"end":{"line":134,"column":null}},"39":{"start":{"line":134,"column":23},"end":{"line":134,"column":null}},"40":{"start":{"line":135,"column":19},"end":{"line":135,"column":22}},"41":{"start":{"line":136,"column":6},"end":{"line":136,"column":9}},"42":{"start":{"line":138,"column":6},"end":{"line":138,"column":11}},"43":{"start":{"line":140,"column":24},"end":{"line":150,"column":null}},"44":{"start":{"line":141,"column":24},"end":{"line":141,"column":null}},"45":{"start":{"line":142,"column":18},"end":{"line":142,"column":null}},"46":{"start":{"line":145,"column":6},"end":{"line":145,"column":null}},"47":{"start":{"line":145,"column":36},"end":{"line":145,"column":null}},"48":{"start":{"line":146,"column":19},"end":{"line":146,"column":22}},"49":{"start":{"line":147,"column":6},"end":{"line":147,"column":9}},"50":{"start":{"line":149,"column":6},"end":{"line":149,"column":11}},"51":{"start":{"line":152,"column":4},"end":{"line":152,"column":11}},"52":{"start":{"line":153,"column":44},"end":{"line":153,"column":null}},"53":{"start":{"line":154,"column":25},"end":{"line":154,"column":null}},"54":{"start":{"line":155,"column":26},"end":{"line":155,"column":31}},"55":{"start":{"line":156,"column":23},"end":{"line":156,"column":null}},"56":{"start":{"line":158,"column":6},"end":{"line":211,"column":null}},"57":{"start":{"line":162,"column":32},"end":{"line":162,"column":null}},"58":{"start":{"line":163,"column":20},"end":{"line":163,"column":null}},"59":{"start":{"line":164,"column":8},"end":{"line":164,"column":15}},"60":{"start":{"line":164,"column":25},"end":{"line":164,"column":26}},"61":{"start":{"line":169,"column":34},"end":{"line":169,"column":56}},"62":{"start":{"line":172,"column":13},"end":{"line":211,"column":null}},"63":{"start":{"line":177,"column":20},"end":{"line":177,"column":null}},"64":{"start":{"line":178,"column":8},"end":{"line":178,"column":15}},"65":{"start":{"line":178,"column":23},"end":{"line":178,"column":24}},"66":{"start":{"line":191,"column":36},"end":{"line":191,"column":58}},"67":{"start":{"line":199,"column":29},"end":{"line":199,"column":null}},"68":{"start":{"line":200,"column":24},"end":{"line":200,"column":35}},"69":{"start":{"line":200,"column":53},"end":{"line":200,"column":null}},"70":{"start":{"line":204,"column":8},"end":{"line":204,"column":null}}},"fnMap":{"0":{"name":"(anonymous_0)","decl":{"start":{"line":51,"column":2},"end":{"line":51,"column":7}},"loc":{"start":{"line":51,"column":24},"end":{"line":81,"column":null}}},"1":{"name":"(anonymous_1)","decl":{"start":{"line":54,"column":22},"end":{"line":54,"column":28}},"loc":{"start":{"line":54,"column":28},"end":{"line":54,"column":33}}},"2":{"name":"(anonymous_2)","decl":{"start":{"line":55,"column":23},"end":{"line":55,"column":29}},"loc":{"start":{"line":55,"column":29},"end":{"line":55,"column":34}}},"3":{"name":"(anonymous_3)","decl":{"start":{"line":56,"column":21},"end":{"line":56,"column":27}},"loc":{"start":{"line":56,"column":27},"end":{"line":56,"column":32}}},"4":{"name":"(anonymous_4)","decl":{"start":{"line":57,"column":25},"end":{"line":57,"column":31}},"loc":{"start":{"line":57,"column":31},"end":{"line":57,"column":36}}},"5":{"name":"(anonymous_5)","decl":{"start":{"line":59,"column":11},"end":{"line":59,"column":16}},"loc":{"start":{"line":59,"column":16},"end":{"line":80,"column":null}}},"6":{"name":"(anonymous_6)","decl":{"start":{"line":102,"column":2},"end":{"line":102,"column":7}},"loc":{"start":{"line":102,"column":13},"end":{"line":213,"column":null}}},"7":{"name":"(anonymous_7)","decl":{"start":{"line":104,"column":34},"end":{"line":104,"column":35}},"loc":{"start":{"line":104,"column":60},"end":{"line":111,"column":null}}},"8":{"name":"(anonymous_8)","decl":{"start":{"line":113,"column":23},"end":{"line":113,"column":40}},"loc":{"start":{"line":113,"column":40},"end":{"line":120,"column":null}}},"9":{"name":"(anonymous_9)","decl":{"start":{"line":121,"column":26},"end":{"line":121,"column":43}},"loc":{"start":{"line":121,"column":43},"end":{"line":128,"column":null}}},"10":{"name":"(anonymous_10)","decl":{"start":{"line":129,"column":22},"end":{"line":129,"column":39}},"loc":{"start":{"line":129,"column":39},"end":{"line":139,"column":null}}},"11":{"name":"(anonymous_11)","decl":{"start":{"line":140,"column":24},"end":{"line":140,"column":41}},"loc":{"start":{"line":140,"column":41},"end":{"line":150,"column":null}}},"12":{"name":"(anonymous_12)","decl":{"start":{"line":152,"column":11},"end":{"line":152,"column":16}},"loc":{"start":{"line":152,"column":16},"end":{"line":212,"column":null}}},"13":{"name":"(anonymous_13)","decl":{"start":{"line":164,"column":25},"end":{"line":164,"column":26}},"loc":{"start":{"line":164,"column":25},"end":{"line":164,"column":26}}},"14":{"name":"(anonymous_14)","decl":{"start":{"line":169,"column":23},"end":{"line":169,"column":34}},"loc":{"start":{"line":169,"column":34},"end":{"line":169,"column":56}}},"15":{"name":"(anonymous_15)","decl":{"start":{"line":178,"column":23},"end":{"line":178,"column":24}},"loc":{"start":{"line":178,"column":23},"end":{"line":178,"column":24}}},"16":{"name":"(anonymous_17)","decl":{"start":{"line":191,"column":25},"end":{"line":191,"column":36}},"loc":{"start":{"line":191,"column":36},"end":{"line":191,"column":58}}},"17":{"name":"(anonymous_18)","decl":{"start":{"line":200,"column":41},"end":{"line":200,"column":53}},"loc":{"start":{"line":200,"column":53},"end":{"line":200,"column":null}}}},"branchMap":{"0":{"loc":{"start":{"line":77,"column":40},"end":{"line":77,"column":57}},"type":"binary-expr","locations":[{"start":{"line":77,"column":40},"end":{"line":77,"column":57}},{"start":{"line":77,"column":57},"end":{"line":77,"column":62}}]},"1":{"loc":{"start":{"line":106,"column":41},"end":{"line":106,"column":49}},"type":"cond-expr","locations":[{"start":{"line":106,"column":41},"end":{"line":106,"column":49}},{"start":{"line":106,"column":49},"end":{"line":106,"column":null}}]},"2":{"loc":{"start":{"line":115,"column":41},"end":{"line":115,"column":49}},"type":"cond-expr","locations":[{"start":{"line":115,"column":41},"end":{"line":115,"column":49}},{"start":{"line":115,"column":49},"end":{"line":115,"column":null}}]},"3":{"loc":{"start":{"line":123,"column":41},"end":{"line":123,"column":49}},"type":"cond-expr","locations":[{"start":{"line":123,"column":41},"end":{"line":123,"column":49}},{"start":{"line":123,"column":49},"end":{"line":123,"column":null}}]},"4":{"loc":{"start":{"line":131,"column":41},"end":{"line":131,"column":49}},"type":"cond-expr","locations":[{"start":{"line":131,"column":41},"end":{"line":131,"column":49}},{"start":{"line":131,"column":49},"end":{"line":131,"column":null}}]},"5":{"loc":{"start":{"line":134,"column":6},"end":{"line":134,"column":null}},"type":"if","locations":[{"start":{"line":134,"column":6},"end":{"line":134,"column":null}},{"start":{"line":134,"column":6},"end":{"line":134,"column":null}}]},"6":{"loc":{"start":{"line":142,"column":41},"end":{"line":142,"column":49}},"type":"cond-expr","locations":[{"start":{"line":142,"column":41},"end":{"line":142,"column":49}},{"start":{"line":142,"column":49},"end":{"line":142,"column":null}}]},"7":{"loc":{"start":{"line":145,"column":6},"end":{"line":145,"column":null}},"type":"if","locations":[{"start":{"line":145,"column":6},"end":{"line":145,"column":null}},{"start":{"line":145,"column":6},"end":{"line":145,"column":null}}]},"8":{"loc":{"start":{"line":156,"column":23},"end":{"line":156,"column":40}},"type":"binary-expr","locations":[{"start":{"line":156,"column":23},"end":{"line":156,"column":40}},{"start":{"line":156,"column":40},"end":{"line":156,"column":null}}]},"9":{"loc":{"start":{"line":158,"column":6},"end":{"line":211,"column":null}},"type":"if","locations":[{"start":{"line":158,"column":6},"end":{"line":211,"column":null}},{"start":{"line":158,"column":6},"end":{"line":211,"column":null}}]},"10":{"loc":{"start":{"line":163,"column":43},"end":{"line":163,"column":51}},"type":"cond-expr","locations":[{"start":{"line":163,"column":43},"end":{"line":163,"column":51}},{"start":{"line":163,"column":51},"end":{"line":163,"column":null}}]},"11":{"loc":{"start":{"line":172,"column":13},"end":{"line":211,"column":null}},"type":"if","locations":[{"start":{"line":172,"column":13},"end":{"line":211,"column":null}},{"start":{"line":172,"column":13},"end":{"line":211,"column":null}}]},"12":{"loc":{"start":{"line":177,"column":43},"end":{"line":177,"column":51}},"type":"cond-expr","locations":[{"start":{"line":177,"column":43},"end":{"line":177,"column":51}},{"start":{"line":177,"column":51},"end":{"line":177,"column":null}}]}},"s":{"0":1,"1":1,"2":1,"3":1,"4":1,"5":1,"6":0,"7":0,"8":0,"9":0,"10":0,"11":0,"12":0,"13":0,"14":0,"15":0,"16":0,"17":0,"18":1,"19":0,"20":0,"21":0,"22":0,"23":0,"24":0,"25":0,"26":0,"27":0,"28":0,"29":0,"30":0,"31":0,"32":0,"33":0,"34":0,"35":0,"36":0,"37":0,"38":0,"39":0,"40":0,"41":0,"42":0,"43":0,"44":0,"45":0,"46":0,"47":0,"48":0,"49":0,"50":0,"51":0,"52":0,"53":0,"54":0,"55":0,"56":0,"57":0,"58":0,"59":0,"60":0,"61":0,"62":0,"63":0,"64":0,"65":0,"66":0,"67":0,"68":0,"69":0,"70":0},"f":{"0":0,"1":0,"2":0,"3":0,"4":0,"5":0,"6":0,"7":0,"8":0,"9":0,"10":0,"11":0,"12":0,"13":0,"14":0,"15":0,"16":0,"17":0},"b":{"0":[0,0],"1":[0,0],"2":[0,0],"3":[0,0],"4":[0,0],"5":[0,0],"6":[0,0],"7":[0,0],"8":[0,0],"9":[0,0],"10":[0,0],"11":[0,0],"12":[0,0]}}
,"/Users/zhouying/Desktop/tx/vue3-json-schema-form/lib/fields/NumberField.tsx": {"path":"/Users/zhouying/Desktop/tx/vue3-json-schema-form/lib/fields/NumberField.tsx","statementMap":{"0":{"start":{"line":1,"column":0},"end":{"line":1,"column":null}},"1":{"start":{"line":4,"column":15},"end":{"line":4,"column":31}},"2":{"start":{"line":8,"column":26},"end":{"line":17,"column":null}},"3":{"start":{"line":9,"column":20},"end":{"line":9,"column":null}},"4":{"start":{"line":10,"column":18},"end":{"line":10,"column":25}},"5":{"start":{"line":11,"column":6},"end":{"line":16,"column":null}},"6":{"start":{"line":12,"column":8},"end":{"line":12,"column":13}},"7":{"start":{"line":15,"column":8},"end":{"line":15,"column":13}},"8":{"start":{"line":18,"column":4},"end":{"line":18,"column":11}},"9":{"start":{"line":19,"column":24},"end":{"line":19,"column":null}},"10":{"start":{"line":20,"column":6},"end":{"line":20,"column":27}}},"fnMap":{"0":{"name":"(anonymous_0)","decl":{"start":{"line":7,"column":2},"end":{"line":7,"column":7}},"loc":{"start":{"line":7,"column":13},"end":{"line":22,"column":null}}},"1":{"name":"(anonymous_1)","decl":{"start":{"line":8,"column":26},"end":{"line":8,"column":36}},"loc":{"start":{"line":8,"column":36},"end":{"line":17,"column":null}}},"2":{"name":"(anonymous_2)","decl":{"start":{"line":18,"column":11},"end":{"line":18,"column":16}},"loc":{"start":{"line":18,"column":16},"end":{"line":21,"column":null}}}},"branchMap":{"0":{"loc":{"start":{"line":11,"column":6},"end":{"line":16,"column":null}},"type":"if","locations":[{"start":{"line":11,"column":6},"end":{"line":16,"column":null}},{"start":{"line":11,"column":6},"end":{"line":16,"column":null}}]}},"s":{"0":1,"1":1,"2":1,"3":1,"4":1,"5":1,"6":0,"7":1,"8":1,"9":1,"10":1},"f":{"0":1,"1":1,"2":1},"b":{"0":[0,1]}}
,"/Users/zhouying/Desktop/tx/vue3-json-schema-form/lib/fields/ObjectField.tsx": {"path":"/Users/zhouying/Desktop/tx/vue3-json-schema-form/lib/fields/ObjectField.tsx","statementMap":{"0":{"start":{"line":1,"column":0},"end":{"line":1,"column":null}},"1":{"start":{"line":2,"column":0},"end":{"line":2,"column":null}},"2":{"start":{"line":4,"column":0},"end":{"line":4,"column":null}},"3":{"start":{"line":6,"column":15},"end":{"line":6,"column":31}},"4":{"start":{"line":10,"column":20},"end":{"line":10,"column":null}},"5":{"start":{"line":12,"column":36},"end":{"line":20,"column":null}},"6":{"start":{"line":13,"column":25},"end":{"line":13,"column":null}},"7":{"start":{"line":14,"column":6},"end":{"line":18,"column":null}},"8":{"start":{"line":15,"column":8},"end":{"line":15,"column":15}},"9":{"start":{"line":17,"column":8},"end":{"line":17,"column":13}},"10":{"start":{"line":19,"column":6},"end":{"line":19,"column":11}},"11":{"start":{"line":22,"column":4},"end":{"line":22,"column":11}},"12":{"start":{"line":23,"column":44},"end":{"line":23,"column":null}},"13":{"start":{"line":25,"column":29},"end":{"line":25,"column":null}},"14":{"start":{"line":26,"column":25},"end":{"line":26,"column":null}},"15":{"start":{"line":28,"column":32},"end":{"line":28,"column":null}},"16":{"start":{"line":31,"column":6},"end":{"line":31,"column":13}},"17":{"start":{"line":31,"column":41},"end":{"line":31,"column":42}},"18":{"start":{"line":37,"column":32},"end":{"line":37,"column":56}}},"fnMap":{"0":{"name":"(anonymous_0)","decl":{"start":{"line":9,"column":2},"end":{"line":9,"column":7}},"loc":{"start":{"line":9,"column":13},"end":{"line":41,"column":null}}},"1":{"name":"(anonymous_1)","decl":{"start":{"line":12,"column":36},"end":{"line":12,"column":37}},"loc":{"start":{"line":12,"column":60},"end":{"line":20,"column":null}}},"2":{"name":"(anonymous_2)","decl":{"start":{"line":22,"column":11},"end":{"line":22,"column":16}},"loc":{"start":{"line":22,"column":16},"end":{"line":40,"column":null}}},"3":{"name":"(anonymous_3)","decl":{"start":{"line":31,"column":41},"end":{"line":31,"column":42}},"loc":{"start":{"line":31,"column":41},"end":{"line":31,"column":42}}},"4":{"name":"(anonymous_4)","decl":{"start":{"line":37,"column":21},"end":{"line":37,"column":32}},"loc":{"start":{"line":37,"column":32},"end":{"line":37,"column":56}}}},"branchMap":{"0":{"loc":{"start":{"line":13,"column":49},"end":{"line":13,"column":63}},"type":"cond-expr","locations":[{"start":{"line":13,"column":49},"end":{"line":13,"column":63}},{"start":{"line":13,"column":63},"end":{"line":13,"column":null}}]},"1":{"loc":{"start":{"line":14,"column":6},"end":{"line":18,"column":null}},"type":"if","locations":[{"start":{"line":14,"column":6},"end":{"line":18,"column":null}},{"start":{"line":14,"column":6},"end":{"line":18,"column":null}}]},"2":{"loc":{"start":{"line":26,"column":25},"end":{"line":26,"column":46}},"type":"binary-expr","locations":[{"start":{"line":26,"column":25},"end":{"line":26,"column":46}},{"start":{"line":26,"column":46},"end":{"line":26,"column":null}}]},"3":{"loc":{"start":{"line":28,"column":50},"end":{"line":28,"column":58}},"type":"cond-expr","locations":[{"start":{"line":28,"column":50},"end":{"line":28,"column":58}},{"start":{"line":28,"column":58},"end":{"line":28,"column":null}}]}},"s":{"0":1,"1":1,"2":1,"3":1,"4":0,"5":0,"6":0,"7":0,"8":0,"9":0,"10":0,"11":0,"12":0,"13":0,"14":0,"15":0,"16":0,"17":0,"18":0},"f":{"0":0,"1":0,"2":0,"3":0,"4":0},"b":{"0":[0,0],"1":[0,0],"2":[0,0],"3":[0,0]}}
,"/Users/zhouying/Desktop/tx/vue3-json-schema-form/lib/fields/StringField.tsx": {"path":"/Users/zhouying/Desktop/tx/vue3-json-schema-form/lib/fields/StringField.tsx","statementMap":{"0":{"start":{"line":1,"column":0},"end":{"line":1,"column":null}},"1":{"start":{"line":4,"column":15},"end":{"line":4,"column":31}},"2":{"start":{"line":8,"column":26},"end":{"line":12,"column":null}},"3":{"start":{"line":11,"column":6},"end":{"line":11,"column":11}},"4":{"start":{"line":13,"column":4},"end":{"line":13,"column":11}},"5":{"start":{"line":14,"column":24},"end":{"line":14,"column":null}},"6":{"start":{"line":15,"column":6},"end":{"line":15,"column":27}}},"fnMap":{"0":{"name":"(anonymous_0)","decl":{"start":{"line":7,"column":2},"end":{"line":7,"column":7}},"loc":{"start":{"line":7,"column":13},"end":{"line":17,"column":null}}},"1":{"name":"(anonymous_1)","decl":{"start":{"line":8,"column":26},"end":{"line":8,"column":36}},"loc":{"start":{"line":8,"column":36},"end":{"line":12,"column":null}}},"2":{"name":"(anonymous_2)","decl":{"start":{"line":13,"column":11},"end":{"line":13,"column":16}},"loc":{"start":{"line":13,"column":16},"end":{"line":16,"column":null}}}},"branchMap":{},"s":{"0":1,"1":1,"2":0,"3":0,"4":0,"5":0,"6":0},"f":{"0":0,"1":0,"2":0},"b":{}}
,"/Users/zhouying/Desktop/tx/vue3-json-schema-form/lib/widgets/Selection.tsx": {"path":"/Users/zhouying/Desktop/tx/vue3-json-schema-form/lib/widgets/Selection.tsx","statementMap":{"0":{"start":{"line":3,"column":15},"end":{"line":3,"column":31}},"1":{"start":{"line":17,"column":28},"end":{"line":17,"column":32}},"2":{"start":{"line":20,"column":4},"end":{"line":20,"column":10}},"3":{"start":{"line":21,"column":6},"end":{"line":21,"column":37}},"4":{"start":{"line":21,"column":32},"end":{"line":21,"column":37}},"5":{"start":{"line":24,"column":4},"end":{"line":24,"column":null}},"6":{"start":{"line":25,"column":12},"end":{"line":25,"column":null}},"7":{"start":{"line":27,"column":8},"end":{"line":27,"column":56}},"8":{"start":{"line":27,"column":41},"end":{"line":27,"column":56}},"9":{"start":{"line":30,"column":4},"end":{"line":30,"column":16}},"10":{"start":{"line":31,"column":6},"end":{"line":31,"column":13}},"11":{"start":{"line":34,"column":4},"end":{"line":34,"column":11}},"12":{"start":{"line":35,"column":26},"end":{"line":35,"column":null}},"13":{"start":{"line":36,"column":6},"end":{"line":36,"column":null}},"14":{"start":{"line":37,"column":41},"end":{"line":36,"column":null}},"15":{"start":{"line":38,"column":23},"end":{"line":38,"column":24}}},"fnMap":{"0":{"name":"(anonymous_0)","decl":{"start":{"line":16,"column":2},"end":{"line":16,"column":7}},"loc":{"start":{"line":16,"column":13},"end":{"line":44,"column":null}}},"1":{"name":"(anonymous_1)","decl":{"start":{"line":20,"column":27},"end":{"line":20,"column":28}},"loc":{"start":{"line":20,"column":42},"end":{"line":22,"column":null}}},"2":{"name":"(anonymous_2)","decl":{"start":{"line":25,"column":6},"end":{"line":25,"column":12}},"loc":{"start":{"line":25,"column":12},"end":{"line":25,"column":null}}},"3":{"name":"(anonymous_3)","decl":{"start":{"line":26,"column":7},"end":{"line":26,"column":12}},"loc":{"start":{"line":26,"column":12},"end":{"line":28,"column":null}}},"4":{"name":"(anonymous_4)","decl":{"start":{"line":30,"column":16},"end":{"line":30,"column":21}},"loc":{"start":{"line":30,"column":21},"end":{"line":32,"column":null}}},"5":{"name":"(anonymous_5)","decl":{"start":{"line":34,"column":11},"end":{"line":34,"column":16}},"loc":{"start":{"line":34,"column":16},"end":{"line":43,"column":null}}},"6":{"name":"(anonymous_6)","decl":{"start":{"line":36,"column":6},"end":{"line":36,"column":null}},"loc":{"start":{"line":37,"column":41},"end":{"line":36,"column":null}}},"7":{"name":"(anonymous_7)","decl":{"start":{"line":38,"column":24},"end":{"line":38,"column":null}},"loc":{"start":{"line":38,"column":23},"end":{"line":38,"column":24}}}},"branchMap":{"0":{"loc":{"start":{"line":21,"column":6},"end":{"line":21,"column":37}},"type":"if","locations":[{"start":{"line":21,"column":6},"end":{"line":21,"column":37}},{"start":{"line":21,"column":6},"end":{"line":21,"column":37}}]},"1":{"loc":{"start":{"line":27,"column":8},"end":{"line":27,"column":56}},"type":"if","locations":[{"start":{"line":27,"column":8},"end":{"line":27,"column":56}},{"start":{"line":27,"column":8},"end":{"line":27,"column":56}}]}},"s":{"0":1,"1":0,"2":0,"3":0,"4":0,"5":0,"6":0,"7":0,"8":0,"9":0,"10":0,"11":0,"12":0,"13":0,"14":0,"15":0},"f":{"0":0,"1":0,"2":0,"3":0,"4":0,"5":0,"6":0,"7":0},"b":{"0":[0,0],"1":[0,0]}}
}
