TN:
SF:/Users/zhouying/Desktop/tx/vue3-json-schema-form/lib/SchemaForm.tsx
FN:21,(anonymous_0)
FN:23,(anonymous_1)
FN:39,(anonymous_2)
FNF:3
FNH:3
FNDA:1,(anonymous_0)
FNDA:1,(anonymous_1)
FNDA:1,(anonymous_2)
DA:3,1
DA:4,1
DA:6,1
DA:23,1
DA:24,1
DA:32,1
DA:37,1
DA:39,1
DA:40,1
DA:41,1
LF:10
LH:10
BRF:0
BRH:0
end_of_record
TN:
SF:/Users/zhouying/Desktop/tx/vue3-json-schema-form/lib/SchemaItem.tsx
FN:16,(anonymous_0)
FN:18,(anonymous_1)
FN:22,(anonymous_2)
FNF:3
FNH:3
FNDA:1,(anonymous_0)
FNDA:1,(anonymous_1)
FNDA:1,(anonymous_2)
DA:2,1
DA:3,1
DA:4,1
DA:5,1
DA:8,1
DA:9,1
DA:12,1
DA:18,1
DA:19,1
DA:20,1
DA:22,1
DA:24,1
DA:27,1
DA:30,1
DA:33,1
DA:35,0
DA:36,0
DA:39,1
DA:40,1
DA:43,0
DA:44,0
DA:47,0
DA:48,0
DA:51,0
DA:55,1
LF:25
LH:18
BRDA:34,0,0,0
BRDA:34,0,1,1
BRDA:34,0,2,0
BRDA:34,0,3,0
BRDA:34,0,4,0
BRF:5
BRH:1
end_of_record
TN:
SF:/Users/zhouying/Desktop/tx/vue3-json-schema-form/lib/context.ts
FN:6,useVJSContext
FNF:1
FNH:0
FNDA:0,useVJSContext
DA:1,1
DA:4,1
DA:7,0
DA:10,0
DA:11,0
LF:5
LH:2
BRDA:10,0,0,0
BRDA:10,0,1,0
BRF:2
BRH:0
end_of_record
TN:
SF:/Users/zhouying/Desktop/tx/vue3-json-schema-form/lib/index.ts
FNF:0
FNH:0
DA:1,1
DA:2,1
DA:5,1
LF:3
LH:3
BRF:0
BRH:0
end_of_record
TN:
SF:/Users/zhouying/Desktop/tx/vue3-json-schema-form/lib/types.ts
FN:3,(anonymous_0)
FNF:1
FNH:1
FNDA:1,(anonymous_0)
DA:3,1
DA:4,1
DA:5,1
DA:6,1
DA:7,1
DA:8,1
DA:9,1
DA:52,1
LF:8
LH:8
BRDA:3,0,0,1
BRDA:3,0,1,1
BRF:2
BRH:2
end_of_record
TN:
SF:/Users/zhouying/Desktop/tx/vue3-json-schema-form/lib/utils.ts
FN:10,isObject
FN:14,isEmptyObject
FN:18,hasOwnProperty
FN:31,validateData
FN:41,resolveSchema
FN:50,(anonymous_5)
FN:61,retrieveSchema
FN:101,stubExistingAdditionalProperties
FN:112,(anonymous_8)
FN:153,resolveReference
FN:166,findSchemaDefinition
FN:185,resolveDependencies
FN:210,processDependencies
FN:254,withDependentProperties
FN:264,withDependentSchema
FN:285,(anonymous_15)
FN:299,withExactlyOneSubschema
FN:306,(anonymous_17)
FN:348,mergeSchemas
FN:350,(anonymous_19)
FN:382,getSchemaType
FN:399,(anonymous_21)
FN:431,guessType
FN:449,isConstant
FN:456,isSelect
FN:462,(anonymous_25)
FN:467,isMultiSelect
FN:475,getMatchingOption
FN:494,(anonymous_28)
FN:534,mergeDefaultsWithFormData
FN:539,(anonymous_30)
FN:547,(anonymous_31)
FN:559,getDefaultFormState
FNF:33
FNH:4
FNDA:1,isObject
FNDA:0,isEmptyObject
FNDA:3,hasOwnProperty
FNDA:0,validateData
FNDA:1,resolveSchema
FNDA:0,(anonymous_5)
FNDA:1,retrieveSchema
FNDA:0,stubExistingAdditionalProperties
FNDA:0,(anonymous_8)
FNDA:0,resolveReference
FNDA:0,findSchemaDefinition
FNDA:0,resolveDependencies
FNDA:0,processDependencies
FNDA:0,withDependentProperties
FNDA:0,withDependentSchema
FNDA:0,(anonymous_15)
FNDA:0,withExactlyOneSubschema
FNDA:0,(anonymous_17)
FNDA:0,mergeSchemas
FNDA:0,(anonymous_19)
FNDA:0,getSchemaType
FNDA:0,(anonymous_21)
FNDA:0,guessType
FNDA:0,isConstant
FNDA:0,isSelect
FNDA:0,(anonymous_25)
FNDA:0,isMultiSelect
FNDA:0,getMatchingOption
FNDA:0,(anonymous_28)
FNDA:0,mergeDefaultsWithFormData
FNDA:0,(anonymous_30)
FNDA:0,(anonymous_31)
FNDA:0,getDefaultFormState
DA:2,1
DA:6,1
DA:7,1
DA:8,1
DA:11,1
DA:15,0
DA:23,3
DA:30,1
DA:32,0
DA:33,0
DA:42,1
DA:43,0
DA:44,1
DA:45,0
DA:46,0
DA:47,1
DA:48,0
DA:51,0
DA:56,1
DA:66,1
DA:67,0
DA:69,1
DA:72,1
DA:73,0
DA:74,0
DA:80,0
DA:81,0
DA:82,0
DA:86,1
DA:88,1
DA:90,0
DA:96,1
DA:99,1
DA:107,0
DA:112,0
DA:113,0
DA:115,0
DA:119,0
DA:120,0
DA:125,0
DA:126,0
DA:128,0
DA:132,0
DA:134,0
DA:137,0
DA:155,0
DA:157,0
DA:159,0
DA:167,0
DA:168,0
DA:170,0
DA:172,0
DA:174,0
DA:175,0
DA:176,0
DA:178,0
DA:180,0
DA:182,0
DA:191,0
DA:192,0
DA:193,0
DA:197,0
DA:198,0
DA:203,0
DA:217,0
DA:219,0
DA:220,0
DA:223,0
DA:227,0
DA:232,0
DA:233,0
DA:234,0
DA:235,0
DA:236,0
DA:244,0
DA:251,0
DA:255,0
DA:256,0
DA:258,0
DA:261,0
DA:272,0
DA:277,0
DA:279,0
DA:280,0
DA:281,0
DA:282,0
DA:285,0
DA:286,0
DA:290,0
DA:306,0
DA:307,0
DA:308,0
DA:310,0
DA:311,0
DA:312,0
DA:319,0
DA:320,0
DA:323,0
DA:324,0
DA:327,0
DA:330,0
DA:334,0
DA:335,0
DA:336,0
DA:349,0
DA:350,0
DA:351,0
DA:352,0
DA:353,0
DA:354,0
DA:355,0
DA:365,0
DA:367,0
DA:369,0
DA:383,0
DA:385,0
DA:386,0
DA:389,0
DA:390,0
DA:393,0
DA:394,0
DA:397,0
DA:398,0
DA:399,0
DA:402,0
DA:431,1
DA:432,0
DA:433,0
DA:434,0
DA:435,0
DA:436,0
DA:437,0
DA:438,0
DA:439,0
DA:440,0
DA:441,0
DA:442,0
DA:443,0
DA:446,0
DA:450,0
DA:457,0
DA:458,0
DA:459,0
DA:460,0
DA:461,0
DA:462,0
DA:464,0
DA:468,0
DA:469,0
DA:471,0
DA:480,0
DA:481,0
DA:490,0
DA:493,0
DA:494,0
DA:502,0
DA:504,0
DA:506,0
DA:507,0
DA:510,0
DA:513,0
DA:515,0
DA:517,0
DA:522,0
DA:524,0
DA:525,0
DA:527,0
DA:528,0
DA:531,0
DA:535,0
DA:536,0
DA:537,0
DA:539,0
DA:540,0
DA:541,0
DA:543,0
DA:545,0
DA:546,0
DA:547,0
DA:548,0
DA:552,0
DA:555,0
DA:565,0
DA:566,0
DA:569,0
DA:578,0
DA:580,0
DA:582,0
DA:583,0
DA:585,0
DA:586,0
DA:588,0
LF:192
LH:19
BRDA:11,0,0,1
BRDA:11,0,1,1
BRDA:11,0,2,1
BRDA:15,1,0,0
BRDA:15,1,1,0
BRDA:41,2,0,0
BRDA:41,3,0,0
BRDA:42,4,0,0
BRDA:42,4,1,1
BRDA:44,5,0,0
BRDA:44,5,1,1
BRDA:47,6,0,0
BRDA:47,6,1,1
BRDA:47,7,0,1
BRDA:47,7,1,0
BRDA:63,8,0,0
BRDA:64,9,0,0
BRDA:66,10,0,0
BRDA:66,10,1,1
BRDA:72,11,0,0
BRDA:72,11,1,1
BRDA:86,12,0,1
BRDA:86,12,1,0
BRDA:88,13,0,0
BRDA:88,13,1,1
BRDA:103,14,0,0
BRDA:104,15,0,0
BRDA:113,16,0,0
BRDA:113,16,1,0
BRDA:119,17,0,0
BRDA:119,17,1,0
BRDA:125,18,0,0
BRDA:125,18,1,0
BRDA:166,19,0,0
BRDA:168,20,0,0
BRDA:168,20,1,0
BRDA:175,21,0,0
BRDA:175,21,1,0
BRDA:178,22,0,0
BRDA:178,22,1,0
BRDA:191,23,0,0
BRDA:192,24,0,0
BRDA:192,24,1,0
BRDA:197,25,0,0
BRDA:197,25,1,0
BRDA:219,26,0,0
BRDA:219,26,1,0
BRDA:223,27,0,0
BRDA:223,27,1,0
BRDA:224,28,0,0
BRDA:224,28,1,0
BRDA:233,29,0,0
BRDA:233,29,1,0
BRDA:235,30,0,0
BRDA:235,30,1,0
BRDA:255,31,0,0
BRDA:255,31,1,0
BRDA:259,32,0,0
BRDA:259,32,1,0
BRDA:279,33,0,0
BRDA:279,33,1,0
BRDA:281,34,0,0
BRDA:281,34,1,0
BRDA:287,35,0,0
BRDA:287,35,1,0
BRDA:307,36,0,0
BRDA:307,36,1,0
BRDA:311,37,0,0
BRDA:311,37,1,0
BRDA:320,38,0,0
BRDA:320,38,1,0
BRDA:323,39,0,0
BRDA:323,39,1,0
BRDA:351,40,0,0
BRDA:351,40,1,0
BRDA:353,41,0,0
BRDA:353,41,1,0
BRDA:353,42,0,0
BRDA:353,42,1,0
BRDA:353,42,2,0
BRDA:355,43,0,0
BRDA:355,43,1,0
BRDA:356,44,0,0
BRDA:356,44,1,0
BRDA:356,44,2,0
BRDA:356,44,3,0
BRDA:356,44,4,0
BRDA:356,44,5,0
BRDA:356,44,6,0
BRDA:385,45,0,0
BRDA:385,45,1,0
BRDA:385,46,0,0
BRDA:385,46,1,0
BRDA:389,47,0,0
BRDA:389,47,1,0
BRDA:389,48,0,0
BRDA:389,48,1,0
BRDA:393,49,0,0
BRDA:393,49,1,0
BRDA:393,50,0,0
BRDA:393,50,1,0
BRDA:393,50,2,0
BRDA:398,51,0,0
BRDA:398,51,1,0
BRDA:398,52,0,0
BRDA:398,52,1,0
BRDA:398,52,2,0
BRDA:432,53,0,0
BRDA:432,53,1,0
BRDA:434,54,0,0
BRDA:434,54,1,0
BRDA:436,55,0,0
BRDA:436,55,1,0
BRDA:438,56,0,0
BRDA:438,56,1,0
BRDA:440,57,0,0
BRDA:440,57,1,0
BRDA:442,58,0,0
BRDA:442,58,1,0
BRDA:451,59,0,0
BRDA:451,59,1,0
BRDA:451,59,2,0
BRDA:456,60,0,0
BRDA:458,61,0,0
BRDA:458,61,1,0
BRDA:459,62,0,0
BRDA:459,62,1,0
BRDA:461,63,0,0
BRDA:461,63,1,0
BRDA:467,64,0,0
BRDA:468,65,0,0
BRDA:468,65,1,0
BRDA:468,66,0,0
BRDA:468,66,1,0
BRDA:490,67,0,0
BRDA:490,67,1,0
BRDA:502,68,0,0
BRDA:502,68,1,0
BRDA:506,69,0,0
BRDA:506,69,1,0
BRDA:524,70,0,0
BRDA:524,70,1,0
BRDA:527,71,0,0
BRDA:527,71,1,0
BRDA:535,72,0,0
BRDA:535,72,1,0
BRDA:536,73,0,0
BRDA:536,73,1,0
BRDA:540,74,0,0
BRDA:540,74,1,0
BRDA:545,75,0,0
BRDA:545,75,1,0
BRDA:549,76,0,0
BRDA:549,76,1,0
BRDA:565,77,0,0
BRDA:565,77,1,0
BRDA:578,78,0,0
BRDA:578,78,1,0
BRDA:582,79,0,0
BRDA:582,79,1,0
BRDA:582,80,0,0
BRDA:582,80,1,0
BRDA:585,81,0,0
BRDA:585,81,1,0
BRDA:585,82,0,0
BRDA:585,82,1,0
BRDA:585,82,2,0
BRDA:588,83,0,0
BRDA:588,83,1,0
BRF:169
BRH:11
end_of_record
TN:
SF:/Users/zhouying/Desktop/tx/vue3-json-schema-form/lib/fields/ArrayField.tsx
FN:51,(anonymous_0)
FN:54,(anonymous_1)
FN:55,(anonymous_2)
FN:56,(anonymous_3)
FN:57,(anonymous_4)
FN:59,(anonymous_5)
FN:102,(anonymous_6)
FN:104,(anonymous_7)
FN:113,(anonymous_8)
FN:121,(anonymous_9)
FN:129,(anonymous_10)
FN:140,(anonymous_11)
FN:152,(anonymous_12)
FN:164,(anonymous_13)
FN:169,(anonymous_14)
FN:178,(anonymous_15)
FN:191,(anonymous_17)
FN:200,(anonymous_18)
FNF:18
FNH:0
FNDA:0,(anonymous_0)
FNDA:0,(anonymous_1)
FNDA:0,(anonymous_2)
FNDA:0,(anonymous_3)
FNDA:0,(anonymous_4)
FNDA:0,(anonymous_5)
FNDA:0,(anonymous_6)
FNDA:0,(anonymous_7)
FNDA:0,(anonymous_8)
FNDA:0,(anonymous_9)
FNDA:0,(anonymous_10)
FNDA:0,(anonymous_11)
FNDA:0,(anonymous_12)
FNDA:0,(anonymous_13)
FNDA:0,(anonymous_14)
FNDA:0,(anonymous_15)
FNDA:0,(anonymous_17)
FNDA:0,(anonymous_18)
DA:1,1
DA:3,1
DA:4,1
DA:5,1
DA:7,1
DA:27,1
DA:52,0
DA:54,0
DA:55,0
DA:56,0
DA:57,0
DA:59,0
DA:60,0
DA:61,0
DA:99,1
DA:103,0
DA:104,0
DA:105,0
DA:106,0
DA:108,0
DA:110,0
DA:113,0
DA:114,0
DA:115,0
DA:117,0
DA:119,0
DA:121,0
DA:122,0
DA:123,0
DA:125,0
DA:127,0
DA:129,0
DA:130,0
DA:131,0
DA:134,0
DA:135,0
DA:136,0
DA:138,0
DA:140,0
DA:141,0
DA:142,0
DA:145,0
DA:146,0
DA:147,0
DA:149,0
DA:152,0
DA:153,0
DA:154,0
DA:155,0
DA:156,0
DA:158,0
DA:162,0
DA:163,0
DA:164,0
DA:169,0
DA:172,0
DA:177,0
DA:178,0
DA:191,0
DA:199,0
DA:200,0
DA:204,0
LF:62
LH:7
BRDA:77,0,0,0
BRDA:77,0,1,0
BRDA:106,1,0,0
BRDA:106,1,1,0
BRDA:115,2,0,0
BRDA:115,2,1,0
BRDA:123,3,0,0
BRDA:123,3,1,0
BRDA:131,4,0,0
BRDA:131,4,1,0
BRDA:134,5,0,0
BRDA:134,5,1,0
BRDA:142,6,0,0
BRDA:142,6,1,0
BRDA:145,7,0,0
BRDA:145,7,1,0
BRDA:156,8,0,0
BRDA:156,8,1,0
BRDA:158,9,0,0
BRDA:158,9,1,0
BRDA:163,10,0,0
BRDA:163,10,1,0
BRDA:172,11,0,0
BRDA:172,11,1,0
BRDA:177,12,0,0
BRDA:177,12,1,0
BRF:26
BRH:0
end_of_record
TN:
SF:/Users/zhouying/Desktop/tx/vue3-json-schema-form/lib/fields/NumberField.tsx
FN:7,(anonymous_0)
FN:8,(anonymous_1)
FN:18,(anonymous_2)
FNF:3
FNH:3
FNDA:1,(anonymous_0)
FNDA:1,(anonymous_1)
FNDA:1,(anonymous_2)
DA:1,1
DA:4,1
DA:8,1
DA:9,1
DA:10,1
DA:11,1
DA:12,0
DA:15,1
DA:18,1
DA:19,1
DA:20,1
LF:11
LH:10
BRDA:11,0,0,0
BRDA:11,0,1,1
BRF:2
BRH:1
end_of_record
TN:
SF:/Users/zhouying/Desktop/tx/vue3-json-schema-form/lib/fields/ObjectField.tsx
FN:9,(anonymous_0)
FN:12,(anonymous_1)
FN:22,(anonymous_2)
FN:31,(anonymous_3)
FN:37,(anonymous_4)
FNF:5
FNH:0
FNDA:0,(anonymous_0)
FNDA:0,(anonymous_1)
FNDA:0,(anonymous_2)
FNDA:0,(anonymous_3)
FNDA:0,(anonymous_4)
DA:1,1
DA:2,1
DA:4,1
DA:6,1
DA:10,0
DA:12,0
DA:13,0
DA:14,0
DA:15,0
DA:17,0
DA:19,0
DA:22,0
DA:23,0
DA:25,0
DA:26,0
DA:28,0
DA:31,0
DA:37,0
LF:18
LH:4
BRDA:13,0,0,0
BRDA:13,0,1,0
BRDA:14,1,0,0
BRDA:14,1,1,0
BRDA:26,2,0,0
BRDA:26,2,1,0
BRDA:28,3,0,0
BRDA:28,3,1,0
BRF:8
BRH:0
end_of_record
TN:
SF:/Users/zhouying/Desktop/tx/vue3-json-schema-form/lib/fields/StringField.tsx
FN:7,(anonymous_0)
FN:8,(anonymous_1)
FN:13,(anonymous_2)
FNF:3
FNH:0
FNDA:0,(anonymous_0)
FNDA:0,(anonymous_1)
FNDA:0,(anonymous_2)
DA:1,1
DA:4,1
DA:8,0
DA:11,0
DA:13,0
DA:14,0
DA:15,0
LF:7
LH:2
BRF:0
BRH:0
end_of_record
TN:
SF:/Users/zhouying/Desktop/tx/vue3-json-schema-form/lib/widgets/Selection.tsx
FN:16,(anonymous_0)
FN:20,(anonymous_1)
FN:25,(anonymous_2)
FN:26,(anonymous_3)
FN:30,(anonymous_4)
FN:34,(anonymous_5)
FN:36,(anonymous_6)
FN:38,(anonymous_7)
FNF:8
FNH:0
FNDA:0,(anonymous_0)
FNDA:0,(anonymous_1)
FNDA:0,(anonymous_2)
FNDA:0,(anonymous_3)
FNDA:0,(anonymous_4)
FNDA:0,(anonymous_5)
FNDA:0,(anonymous_6)
FNDA:0,(anonymous_7)
DA:3,1
DA:17,0
DA:20,0
DA:21,0
DA:24,0
DA:25,0
DA:27,0
DA:30,0
DA:31,0
DA:34,0
DA:35,0
DA:36,0
DA:37,0
DA:38,0
LF:14
LH:1
BRDA:21,0,0,0
BRDA:21,0,1,0
BRDA:27,1,0,0
BRDA:27,1,1,0
BRF:4
BRH:0
end_of_record
